<?xml version="1.0" encoding="UTF-8"?>
<robot generator="Robot 4.1.3 (Python 3.10.2 on win32)" generated="20220212 12:37:23.491" rpa="false" schemaversion="2">
<suite id="s1" name="Verify Validate Credential Suite" source="C:\Users\Anusha\Desktop\RFP\robot_frame_work\login_suite\verify_validate_credential_suite.robot">
<test id="s1-t1" name="TC1">
<kw name="Launch Browser" library="common_functionality" type="SETUP">
<kw name="Set Local Variable" library="BuiltIn">
<arg>${driver}</arg>
<arg>chromedriver.exe</arg>
<doc>Makes a variable available everywhere within the local scope.</doc>
<msg timestamp="20220212 12:37:23.835" level="INFO">${driver} = chromedriver.exe</msg>
<status status="PASS" starttime="20220212 12:37:23.835" endtime="20220212 12:37:23.835"/>
</kw>
<if>
<branch type="IF" condition="'${BROWSER_NAME}' == 'firefox'">
<kw name="Set Local Variable" library="BuiltIn">
<arg>${driver}</arg>
<arg>geckodriver.exe</arg>
<doc>Makes a variable available everywhere within the local scope.</doc>
<status status="NOT RUN" starttime="20220212 12:37:23.835" endtime="20220212 12:37:23.835"/>
</kw>
<status status="NOT RUN" starttime="20220212 12:37:23.835" endtime="20220212 12:37:23.835"/>
</branch>
<branch type="ELSE IF" condition="'${BROWSER_NAME}' == 'edge'">
<kw name="Set Local Variable" library="BuiltIn">
<arg>${driver}</arg>
<arg>msedgedriver.exe</arg>
<doc>Makes a variable available everywhere within the local scope.</doc>
<msg timestamp="20220212 12:37:23.835" level="INFO">${driver} = msedgedriver.exe</msg>
<status status="PASS" starttime="20220212 12:37:23.835" endtime="20220212 12:37:23.835"/>
</kw>
<status status="PASS" starttime="20220212 12:37:23.835" endtime="20220212 12:37:23.835"/>
</branch>
<branch type="ELSE IF" condition="'${BROWSER_NAME}' == 'safari'">
<kw name="Set Local Variable" library="BuiltIn">
<arg>${driver}</arg>
<arg>safaridriver.exe</arg>
<doc>Makes a variable available everywhere within the local scope.</doc>
<status status="NOT RUN" starttime="20220212 12:37:23.835" endtime="20220212 12:37:23.835"/>
</kw>
<status status="NOT RUN" starttime="20220212 12:37:23.835" endtime="20220212 12:37:23.835"/>
</branch>
<status status="PASS" starttime="20220212 12:37:23.835" endtime="20220212 12:37:23.835"/>
</if>
<kw name="Open Browser" library="SeleniumLibrary">
<arg>browser=${BROWSER_NAME}</arg>
<arg>executable_path=${EXECDIR}${/}drivers${/}${driver}</arg>
<doc>Opens a new browser instance to the optional ``url``.</doc>
<msg timestamp="20220212 12:37:23.835" level="INFO">Opening browser 'edge' to base url 'None'.</msg>
<status status="PASS" starttime="20220212 12:37:23.835" endtime="20220212 12:37:25.514"/>
</kw>
<kw name="Maximize Browser Window" library="SeleniumLibrary">
<doc>Maximizes current browser window.</doc>
<status status="PASS" starttime="20220212 12:37:25.514" endtime="20220212 12:37:25.645"/>
</kw>
<kw name="Set Selenium Implicit Wait" library="SeleniumLibrary">
<arg>30s</arg>
<doc>Sets the implicit wait value used by Selenium.</doc>
<status status="PASS" starttime="20220212 12:37:25.645" endtime="20220212 12:37:25.645"/>
</kw>
<kw name="Set Screenshot Directory" library="SeleniumLibrary">
<arg>${EXECDIR}${/}screenshot</arg>
<doc>Sets the directory for captured screenshots.</doc>
<status status="PASS" starttime="20220212 12:37:25.645" endtime="20220212 12:37:25.645"/>
</kw>
<kw name="Go To" library="SeleniumLibrary">
<arg>url=${URL}</arg>
<doc>Navigates the current browser window to the provided ``url``.</doc>
<msg timestamp="20220212 12:37:25.645" level="INFO">Opening url 'https://demo.openemr.io/b/openemr'</msg>
<status status="PASS" starttime="20220212 12:37:25.645" endtime="20220212 12:37:34.987"/>
</kw>
<status status="PASS" starttime="20220212 12:37:23.835" endtime="20220212 12:37:34.988"/>
</kw>
<kw name="Verify Valid Credential Template">
<arg>admin</arg>
<arg>pass</arg>
<arg>English (Indian)</arg>
<arg>OpenEMR</arg>
<kw name="Input Text" library="SeleniumLibrary">
<arg>id=authUser</arg>
<arg>${username}</arg>
<doc>Types the given ``text`` into the text field identified by ``locator``.</doc>
<msg timestamp="20220212 12:37:34.994" level="INFO">Typing text 'admin' into text field 'id=authUser'.</msg>
<status status="PASS" starttime="20220212 12:37:34.993" endtime="20220212 12:37:35.077"/>
</kw>
<kw name="Input Password" library="SeleniumLibrary">
<arg>id=clearPass</arg>
<arg>${password}</arg>
<doc>Types the given password into the text field identified by ``locator``.</doc>
<msg timestamp="20220212 12:37:35.078" level="INFO">Typing password into text field 'id=clearPass'.</msg>
<msg timestamp="20220212 12:37:35.114" level="INFO">Temporally setting log level to: NONE</msg>
<msg timestamp="20220212 12:37:35.153" level="INFO">Log level changed from NONE to INFO.</msg>
<status status="PASS" starttime="20220212 12:37:35.077" endtime="20220212 12:37:35.153"/>
</kw>
<kw name="Select From List By Label" library="SeleniumLibrary">
<arg>name=languageChoice</arg>
<arg>${language}</arg>
<doc>Selects options from selection list ``locator`` by ``labels``.</doc>
<msg timestamp="20220212 12:37:35.154" level="INFO">Selecting options from selection list 'name=languageChoice' by label English (Indian).</msg>
<status status="PASS" starttime="20220212 12:37:35.153" endtime="20220212 12:37:35.209"/>
</kw>
<kw name="Click Element" library="SeleniumLibrary">
<arg>xpath=//button[@type='submit']</arg>
<doc>Click the element identified by ``locator``.</doc>
<msg timestamp="20220212 12:37:35.210" level="INFO">Clicking element 'xpath=//button[@type='submit']'.</msg>
<status status="PASS" starttime="20220212 12:37:35.210" endtime="20220212 12:37:40.435"/>
</kw>
<kw name="Title Should Be" library="SeleniumLibrary">
<arg>${expected_title}</arg>
<doc>Verifies that the current page title equals ``title``.</doc>
<msg timestamp="20220212 12:37:40.444" level="INFO">Page title is 'OpenEMR'.</msg>
<status status="PASS" starttime="20220212 12:37:40.435" endtime="20220212 12:37:40.444"/>
</kw>
<status status="PASS" starttime="20220212 12:37:34.991" endtime="20220212 12:37:40.444"/>
</kw>
<kw name="End Browser" library="common_functionality" type="TEARDOWN">
<kw name="Close Browser" library="SeleniumLibrary">
<doc>Closes the current browser.</doc>
<status status="PASS" starttime="20220212 12:37:40.445" endtime="20220212 12:37:42.644"/>
</kw>
<status status="PASS" starttime="20220212 12:37:40.445" endtime="20220212 12:37:42.644"/>
</kw>
<status status="PASS" starttime="20220212 12:37:23.819" endtime="20220212 12:37:42.644"/>
</test>
<test id="s1-t2" name="TC1">
<kw name="Launch Browser" library="common_functionality" type="SETUP">
<kw name="Set Local Variable" library="BuiltIn">
<arg>${driver}</arg>
<arg>chromedriver.exe</arg>
<doc>Makes a variable available everywhere within the local scope.</doc>
<msg timestamp="20220212 12:37:42.660" level="INFO">${driver} = chromedriver.exe</msg>
<status status="PASS" starttime="20220212 12:37:42.644" endtime="20220212 12:37:42.660"/>
</kw>
<if>
<branch type="IF" condition="'${BROWSER_NAME}' == 'firefox'">
<kw name="Set Local Variable" library="BuiltIn">
<arg>${driver}</arg>
<arg>geckodriver.exe</arg>
<doc>Makes a variable available everywhere within the local scope.</doc>
<status status="NOT RUN" starttime="20220212 12:37:42.660" endtime="20220212 12:37:42.660"/>
</kw>
<status status="NOT RUN" starttime="20220212 12:37:42.660" endtime="20220212 12:37:42.660"/>
</branch>
<branch type="ELSE IF" condition="'${BROWSER_NAME}' == 'edge'">
<kw name="Set Local Variable" library="BuiltIn">
<arg>${driver}</arg>
<arg>msedgedriver.exe</arg>
<doc>Makes a variable available everywhere within the local scope.</doc>
<msg timestamp="20220212 12:37:42.660" level="INFO">${driver} = msedgedriver.exe</msg>
<status status="PASS" starttime="20220212 12:37:42.660" endtime="20220212 12:37:42.660"/>
</kw>
<status status="PASS" starttime="20220212 12:37:42.660" endtime="20220212 12:37:42.660"/>
</branch>
<branch type="ELSE IF" condition="'${BROWSER_NAME}' == 'safari'">
<kw name="Set Local Variable" library="BuiltIn">
<arg>${driver}</arg>
<arg>safaridriver.exe</arg>
<doc>Makes a variable available everywhere within the local scope.</doc>
<status status="NOT RUN" starttime="20220212 12:37:42.660" endtime="20220212 12:37:42.660"/>
</kw>
<status status="NOT RUN" starttime="20220212 12:37:42.660" endtime="20220212 12:37:42.660"/>
</branch>
<status status="PASS" starttime="20220212 12:37:42.660" endtime="20220212 12:37:42.660"/>
</if>
<kw name="Open Browser" library="SeleniumLibrary">
<arg>browser=${BROWSER_NAME}</arg>
<arg>executable_path=${EXECDIR}${/}drivers${/}${driver}</arg>
<doc>Opens a new browser instance to the optional ``url``.</doc>
<msg timestamp="20220212 12:37:42.660" level="INFO">Opening browser 'edge' to base url 'None'.</msg>
<status status="PASS" starttime="20220212 12:37:42.660" endtime="20220212 12:37:43.829"/>
</kw>
<kw name="Maximize Browser Window" library="SeleniumLibrary">
<doc>Maximizes current browser window.</doc>
<status status="PASS" starttime="20220212 12:37:43.830" endtime="20220212 12:37:43.965"/>
</kw>
<kw name="Set Selenium Implicit Wait" library="SeleniumLibrary">
<arg>30s</arg>
<doc>Sets the implicit wait value used by Selenium.</doc>
<status status="PASS" starttime="20220212 12:37:43.965" endtime="20220212 12:37:43.965"/>
</kw>
<kw name="Set Screenshot Directory" library="SeleniumLibrary">
<arg>${EXECDIR}${/}screenshot</arg>
<doc>Sets the directory for captured screenshots.</doc>
<status status="PASS" starttime="20220212 12:37:43.965" endtime="20220212 12:37:43.965"/>
</kw>
<kw name="Go To" library="SeleniumLibrary">
<arg>url=${URL}</arg>
<doc>Navigates the current browser window to the provided ``url``.</doc>
<msg timestamp="20220212 12:37:43.965" level="INFO">Opening url 'https://demo.openemr.io/b/openemr'</msg>
<status status="PASS" starttime="20220212 12:37:43.965" endtime="20220212 12:37:48.650"/>
</kw>
<status status="PASS" starttime="20220212 12:37:42.644" endtime="20220212 12:37:48.651"/>
</kw>
<kw name="Verify Valid Credential Template">
<arg>physician</arg>
<arg>physician</arg>
<arg>English (Indian)</arg>
<arg>OpenEMR</arg>
<kw name="Input Text" library="SeleniumLibrary">
<arg>id=authUser</arg>
<arg>${username}</arg>
<doc>Types the given ``text`` into the text field identified by ``locator``.</doc>
<msg timestamp="20220212 12:37:48.652" level="INFO">Typing text 'physician' into text field 'id=authUser'.</msg>
<status status="PASS" starttime="20220212 12:37:48.652" endtime="20220212 12:37:48.721"/>
</kw>
<kw name="Input Password" library="SeleniumLibrary">
<arg>id=clearPass</arg>
<arg>${password}</arg>
<doc>Types the given password into the text field identified by ``locator``.</doc>
<msg timestamp="20220212 12:37:48.721" level="INFO">Typing password into text field 'id=clearPass'.</msg>
<msg timestamp="20220212 12:37:48.757" level="INFO">Temporally setting log level to: NONE</msg>
<msg timestamp="20220212 12:37:48.801" level="INFO">Log level changed from NONE to INFO.</msg>
<status status="PASS" starttime="20220212 12:37:48.721" endtime="20220212 12:37:48.801"/>
</kw>
<kw name="Select From List By Label" library="SeleniumLibrary">
<arg>name=languageChoice</arg>
<arg>${language}</arg>
<doc>Selects options from selection list ``locator`` by ``labels``.</doc>
<msg timestamp="20220212 12:37:48.801" level="INFO">Selecting options from selection list 'name=languageChoice' by label English (Indian).</msg>
<status status="PASS" starttime="20220212 12:37:48.801" endtime="20220212 12:37:48.859"/>
</kw>
<kw name="Click Element" library="SeleniumLibrary">
<arg>xpath=//button[@type='submit']</arg>
<doc>Click the element identified by ``locator``.</doc>
<msg timestamp="20220212 12:37:48.859" level="INFO">Clicking element 'xpath=//button[@type='submit']'.</msg>
<status status="PASS" starttime="20220212 12:37:48.859" endtime="20220212 12:37:52.437"/>
</kw>
<kw name="Title Should Be" library="SeleniumLibrary">
<arg>${expected_title}</arg>
<doc>Verifies that the current page title equals ``title``.</doc>
<msg timestamp="20220212 12:37:52.444" level="INFO">Page title is 'OpenEMR'.</msg>
<status status="PASS" starttime="20220212 12:37:52.437" endtime="20220212 12:37:52.444"/>
</kw>
<status status="PASS" starttime="20220212 12:37:48.651" endtime="20220212 12:37:52.445"/>
</kw>
<kw name="End Browser" library="common_functionality" type="TEARDOWN">
<kw name="Close Browser" library="SeleniumLibrary">
<doc>Closes the current browser.</doc>
<status status="PASS" starttime="20220212 12:37:52.446" endtime="20220212 12:37:54.651"/>
</kw>
<status status="PASS" starttime="20220212 12:37:52.445" endtime="20220212 12:37:54.651"/>
</kw>
<status status="PASS" starttime="20220212 12:37:42.644" endtime="20220212 12:37:54.651"/>
</test>
<doc>This suite file verifes all test case related
the valid credentials</doc>
<status status="PASS" starttime="20220212 12:37:23.506" endtime="20220212 12:37:54.651"/>
</suite>
<statistics>
<total>
<stat pass="2" fail="0" skip="0">All Tests</stat>
</total>
<tag>
</tag>
<suite>
<stat pass="2" fail="0" skip="0" id="s1" name="Verify Validate Credential Suite">Verify Validate Credential Suite</stat>
</suite>
</statistics>
<errors>
<msg timestamp="20220212 12:37:42.644" level="WARN">Multiple test cases with name 'TC1' executed in test suite 'Verify Validate Credential Suite'.</msg>
</errors>
</robot>
