<?xml version="1.0" encoding="UTF-8"?>
<robot generator="Robot 4.1.3 (Python 3.10.2 on win32)" generated="20220211 16:36:13.256" rpa="false" schemaversion="2">
<suite id="s1" name="Verify Validate Credential Suite" source="C:\Users\Anusha\Desktop\RFP\robot_frame_work\login_suite\verify_validate_credential_suite.robot">
<test id="s1-t1" name="TC1">
<kw name="Launch Browser" library="common_functionality" type="SETUP">
<kw name="Open Browser" library="SeleniumLibrary">
<arg>browser=chrome</arg>
<arg>executable_path=${EXECDIR}${/}drivers${/}chromedriver.exe</arg>
<doc>Opens a new browser instance to the optional ``url``.</doc>
<msg timestamp="20220211 16:36:13.588" level="INFO">Opening browser 'chrome' to base url 'None'.</msg>
<status status="PASS" starttime="20220211 16:36:13.587" endtime="20220211 16:36:15.507"/>
</kw>
<kw name="Maximize Browser Window" library="SeleniumLibrary">
<doc>Maximizes current browser window.</doc>
<status status="PASS" starttime="20220211 16:36:15.507" endtime="20220211 16:36:15.637"/>
</kw>
<kw name="Set Selenium Implicit Wait" library="SeleniumLibrary">
<arg>30s</arg>
<doc>Sets the implicit wait value used by Selenium.</doc>
<status status="PASS" starttime="20220211 16:36:15.639" endtime="20220211 16:36:15.673"/>
</kw>
<kw name="Go To" library="SeleniumLibrary">
<arg>url=https://demo.openemr.io/b/openemr/index.php</arg>
<doc>Navigates the current browser window to the provided ``url``.</doc>
<msg timestamp="20220211 16:36:15.674" level="INFO">Opening url 'https://demo.openemr.io/b/openemr/index.php'</msg>
<status status="PASS" starttime="20220211 16:36:15.673" endtime="20220211 16:36:19.783"/>
</kw>
<status status="PASS" starttime="20220211 16:36:13.587" endtime="20220211 16:36:19.784"/>
</kw>
<kw name="Verify Valid Credential Template">
<arg>admin</arg>
<arg>pass</arg>
<arg>English (Indian)</arg>
<arg>OpenEMR</arg>
<kw name="Input Text" library="SeleniumLibrary">
<arg>id=authUser</arg>
<arg>${username}</arg>
<doc>Types the given ``text`` into the text field identified by ``locator``.</doc>
<msg timestamp="20220211 16:36:19.785" level="INFO">Typing text 'admin' into text field 'id=authUser'.</msg>
<status status="PASS" starttime="20220211 16:36:19.785" endtime="20220211 16:36:19.866"/>
</kw>
<kw name="Input Password" library="SeleniumLibrary">
<arg>id=clearPass</arg>
<arg>${password}</arg>
<doc>Types the given password into the text field identified by ``locator``.</doc>
<msg timestamp="20220211 16:36:19.866" level="INFO">Typing password into text field 'id=clearPass'.</msg>
<msg timestamp="20220211 16:36:19.918" level="INFO">Temporally setting log level to: NONE</msg>
<msg timestamp="20220211 16:36:19.986" level="INFO">Log level changed from NONE to INFO.</msg>
<status status="PASS" starttime="20220211 16:36:19.866" endtime="20220211 16:36:19.986"/>
</kw>
<kw name="Select From List By Label" library="SeleniumLibrary">
<arg>name=languageChoice</arg>
<arg>${language}</arg>
<doc>Selects options from selection list ``locator`` by ``labels``.</doc>
<msg timestamp="20220211 16:36:19.987" level="INFO">Selecting options from selection list 'name=languageChoice' by label English (Indian).</msg>
<status status="PASS" starttime="20220211 16:36:19.986" endtime="20220211 16:36:20.134"/>
</kw>
<kw name="Click Element" library="SeleniumLibrary">
<arg>xpath=//button[@type='submit']</arg>
<doc>Click the element identified by ``locator``.</doc>
<msg timestamp="20220211 16:36:20.135" level="INFO">Clicking element 'xpath=//button[@type='submit']'.</msg>
<status status="PASS" starttime="20220211 16:36:20.135" endtime="20220211 16:36:27.491"/>
</kw>
<kw name="Title Should Be" library="SeleniumLibrary">
<arg>${expected_title}</arg>
<doc>Verifies that the current page title equals ``title``.</doc>
<msg timestamp="20220211 16:36:27.512" level="INFO">Page title is 'OpenEMR'.</msg>
<status status="PASS" starttime="20220211 16:36:27.492" endtime="20220211 16:36:27.512"/>
</kw>
<status status="PASS" starttime="20220211 16:36:19.784" endtime="20220211 16:36:27.513"/>
</kw>
<kw name="End Browser" library="common_functionality" type="TEARDOWN">
<kw name="Capture Page Screenshot" library="SeleniumLibrary">
<doc>Takes a screenshot of the current page and embeds it into a log file.</doc>
<msg timestamp="20220211 16:36:27.756" level="INFO" html="true">&lt;/td&gt;&lt;/tr&gt;&lt;tr&gt;&lt;td colspan="3"&gt;&lt;a href="selenium-screenshot-4.png"&gt;&lt;img src="selenium-screenshot-4.png" width="800px"&gt;&lt;/a&gt;</msg>
<status status="PASS" starttime="20220211 16:36:27.519" endtime="20220211 16:36:27.756"/>
</kw>
<kw name="Close Browser" library="SeleniumLibrary">
<doc>Closes the current browser.</doc>
<status status="PASS" starttime="20220211 16:36:27.756" endtime="20220211 16:36:29.987"/>
</kw>
<status status="PASS" starttime="20220211 16:36:27.514" endtime="20220211 16:36:29.988"/>
</kw>
<status status="PASS" starttime="20220211 16:36:13.587" endtime="20220211 16:36:29.989"/>
</test>
<test id="s1-t2" name="TC2">
<kw name="Launch Browser" library="common_functionality" type="SETUP">
<kw name="Open Browser" library="SeleniumLibrary">
<arg>browser=chrome</arg>
<arg>executable_path=${EXECDIR}${/}drivers${/}chromedriver.exe</arg>
<doc>Opens a new browser instance to the optional ``url``.</doc>
<msg timestamp="20220211 16:36:30.000" level="INFO">Opening browser 'chrome' to base url 'None'.</msg>
<status status="PASS" starttime="20220211 16:36:29.997" endtime="20220211 16:36:31.684"/>
</kw>
<kw name="Maximize Browser Window" library="SeleniumLibrary">
<doc>Maximizes current browser window.</doc>
<status status="PASS" starttime="20220211 16:36:31.684" endtime="20220211 16:36:31.804"/>
</kw>
<kw name="Set Selenium Implicit Wait" library="SeleniumLibrary">
<arg>30s</arg>
<doc>Sets the implicit wait value used by Selenium.</doc>
<status status="PASS" starttime="20220211 16:36:31.804" endtime="20220211 16:36:31.806"/>
</kw>
<kw name="Go To" library="SeleniumLibrary">
<arg>url=https://demo.openemr.io/b/openemr/index.php</arg>
<doc>Navigates the current browser window to the provided ``url``.</doc>
<msg timestamp="20220211 16:36:31.806" level="INFO">Opening url 'https://demo.openemr.io/b/openemr/index.php'</msg>
<status status="PASS" starttime="20220211 16:36:31.806" endtime="20220211 16:36:42.045"/>
</kw>
<status status="PASS" starttime="20220211 16:36:29.995" endtime="20220211 16:36:42.045"/>
</kw>
<kw name="Verify Valid Credential Template">
<arg>physician</arg>
<arg>physician</arg>
<arg>English (Indian)</arg>
<arg>OpenEMR</arg>
<kw name="Input Text" library="SeleniumLibrary">
<arg>id=authUser</arg>
<arg>${username}</arg>
<doc>Types the given ``text`` into the text field identified by ``locator``.</doc>
<msg timestamp="20220211 16:36:42.047" level="INFO">Typing text 'physician' into text field 'id=authUser'.</msg>
<status status="PASS" starttime="20220211 16:36:42.046" endtime="20220211 16:36:42.201"/>
</kw>
<kw name="Input Password" library="SeleniumLibrary">
<arg>id=clearPass</arg>
<arg>${password}</arg>
<doc>Types the given password into the text field identified by ``locator``.</doc>
<msg timestamp="20220211 16:36:42.202" level="INFO">Typing password into text field 'id=clearPass'.</msg>
<msg timestamp="20220211 16:36:42.275" level="INFO">Temporally setting log level to: NONE</msg>
<msg timestamp="20220211 16:36:42.381" level="INFO">Log level changed from NONE to INFO.</msg>
<status status="PASS" starttime="20220211 16:36:42.201" endtime="20220211 16:36:42.381"/>
</kw>
<kw name="Select From List By Label" library="SeleniumLibrary">
<arg>name=languageChoice</arg>
<arg>${language}</arg>
<doc>Selects options from selection list ``locator`` by ``labels``.</doc>
<msg timestamp="20220211 16:36:42.382" level="INFO">Selecting options from selection list 'name=languageChoice' by label English (Indian).</msg>
<status status="PASS" starttime="20220211 16:36:42.382" endtime="20220211 16:36:42.566"/>
</kw>
<kw name="Click Element" library="SeleniumLibrary">
<arg>xpath=//button[@type='submit']</arg>
<doc>Click the element identified by ``locator``.</doc>
<msg timestamp="20220211 16:36:42.568" level="INFO">Clicking element 'xpath=//button[@type='submit']'.</msg>
<status status="PASS" starttime="20220211 16:36:42.567" endtime="20220211 16:36:47.460"/>
</kw>
<kw name="Title Should Be" library="SeleniumLibrary">
<arg>${expected_title}</arg>
<doc>Verifies that the current page title equals ``title``.</doc>
<msg timestamp="20220211 16:36:47.470" level="INFO">Page title is 'OpenEMR'.</msg>
<status status="PASS" starttime="20220211 16:36:47.461" endtime="20220211 16:36:47.470"/>
</kw>
<status status="PASS" starttime="20220211 16:36:42.045" endtime="20220211 16:36:47.471"/>
</kw>
<kw name="End Browser" library="common_functionality" type="TEARDOWN">
<kw name="Capture Page Screenshot" library="SeleniumLibrary">
<doc>Takes a screenshot of the current page and embeds it into a log file.</doc>
<msg timestamp="20220211 16:36:47.713" level="INFO" html="true">&lt;/td&gt;&lt;/tr&gt;&lt;tr&gt;&lt;td colspan="3"&gt;&lt;a href="selenium-screenshot-5.png"&gt;&lt;img src="selenium-screenshot-5.png" width="800px"&gt;&lt;/a&gt;</msg>
<status status="PASS" starttime="20220211 16:36:47.472" endtime="20220211 16:36:47.713"/>
</kw>
<kw name="Close Browser" library="SeleniumLibrary">
<doc>Closes the current browser.</doc>
<status status="PASS" starttime="20220211 16:36:47.713" endtime="20220211 16:36:49.967"/>
</kw>
<status status="PASS" starttime="20220211 16:36:47.472" endtime="20220211 16:36:49.967"/>
</kw>
<status status="PASS" starttime="20220211 16:36:29.992" endtime="20220211 16:36:49.969"/>
</test>
<doc>This suite file verifes all test case related
the valid credentials</doc>
<status status="PASS" starttime="20220211 16:36:13.258" endtime="20220211 16:36:49.975"/>
</suite>
<statistics>
<total>
<stat pass="2" fail="0" skip="0">All Tests</stat>
</total>
<tag>
</tag>
<suite>
<stat pass="2" fail="0" skip="0" id="s1" name="Verify Validate Credential Suite">Verify Validate Credential Suite</stat>
</suite>
</statistics>
<errors>
</errors>
</robot>
