<?xml version="1.0" encoding="UTF-8"?>
<robot generator="Robot 4.1.3 (Python 3.10.2 on win32)" generated="20220212 11:50:29.771" rpa="false" schemaversion="2">
<suite id="s1" name="Verify Validate Credential Suite" source="C:\Users\Anusha\Desktop\RFP\robot_frame_work\login_suite\verify_validate_credential_suite.robot">
<test id="s1-t1" name="TC1">
<kw name="Launch Browser" library="common_functionality" type="SETUP">
<kw name="Set Local Variable" library="BuiltIn">
<arg>${driver}</arg>
<arg>chromedriver.exe</arg>
<doc>Makes a variable available everywhere within the local scope.</doc>
<msg timestamp="20220212 11:50:56.422" level="INFO">${driver} = chromedriver.exe</msg>
<status status="PASS" starttime="20220212 11:50:56.422" endtime="20220212 11:50:56.422"/>
</kw>
<if>
<branch type="IF" condition="'${BROWSER_NAME}' == 'firefox'">
<kw name="Set Local Variable" library="BuiltIn">
<arg>${driver}</arg>
<arg>geckodriver.exe</arg>
<doc>Makes a variable available everywhere within the local scope.</doc>
<status status="NOT RUN" starttime="20220212 11:50:56.423" endtime="20220212 11:50:56.423"/>
</kw>
<status status="NOT RUN" starttime="20220212 11:50:56.423" endtime="20220212 11:50:56.423"/>
</branch>
<branch type="ELSE IF" condition="'${BROWSER_NAME}' == 'edge'">
<kw name="Set Local Variable" library="BuiltIn">
<arg>${driver}</arg>
<arg>msedgedriver.exe</arg>
<doc>Makes a variable available everywhere within the local scope.</doc>
<msg timestamp="20220212 11:50:56.423" level="INFO">${driver} = msedgedriver.exe</msg>
<status status="PASS" starttime="20220212 11:50:56.423" endtime="20220212 11:50:56.423"/>
</kw>
<status status="PASS" starttime="20220212 11:50:56.423" endtime="20220212 11:50:56.423"/>
</branch>
<branch type="ELSE IF" condition="'${BROWSER_NAME}' == 'safari'">
<kw name="Set Local Variable" library="BuiltIn">
<arg>${driver}</arg>
<arg>safaridriver.exe</arg>
<doc>Makes a variable available everywhere within the local scope.</doc>
<status status="NOT RUN" starttime="20220212 11:50:56.423" endtime="20220212 11:50:56.424"/>
</kw>
<status status="NOT RUN" starttime="20220212 11:50:56.423" endtime="20220212 11:50:56.424"/>
</branch>
<status status="PASS" starttime="20220212 11:50:56.423" endtime="20220212 11:50:56.424"/>
</if>
<kw name="Open Browser" library="SeleniumLibrary">
<arg>browser=${BROWSER_NAME}</arg>
<arg>executable_path=${EXECDIR}${/}drivers${/}${driver}</arg>
<doc>Opens a new browser instance to the optional ``url``.</doc>
<msg timestamp="20220212 11:50:56.424" level="INFO">Opening browser 'edge' to base url 'None'.</msg>
<status status="PASS" starttime="20220212 11:50:56.424" endtime="20220212 11:51:02.888"/>
</kw>
<kw name="Maximize Browser Window" library="SeleniumLibrary">
<doc>Maximizes current browser window.</doc>
<status status="PASS" starttime="20220212 11:51:02.889" endtime="20220212 11:51:03.016"/>
</kw>
<kw name="Set Selenium Implicit Wait" library="SeleniumLibrary">
<arg>30s</arg>
<doc>Sets the implicit wait value used by Selenium.</doc>
<status status="PASS" starttime="20220212 11:51:03.017" endtime="20220212 11:51:03.048"/>
</kw>
<kw name="Set Screenshot Directory" library="SeleniumLibrary">
<arg>${EXECDIR}${/}screenshot</arg>
<doc>Sets the directory for captured screenshots.</doc>
<status status="PASS" starttime="20220212 11:51:03.048" endtime="20220212 11:51:03.049"/>
</kw>
<kw name="Go To" library="SeleniumLibrary">
<arg>url=${URL}</arg>
<doc>Navigates the current browser window to the provided ``url``.</doc>
<msg timestamp="20220212 11:51:03.049" level="INFO">Opening url 'https://demo.openemr.io/b/openemr'</msg>
<status status="PASS" starttime="20220212 11:51:03.049" endtime="20220212 11:51:09.117"/>
</kw>
<status status="PASS" starttime="20220212 11:50:56.421" endtime="20220212 11:51:09.117"/>
</kw>
<kw name="Verify Valid Credential Template">
<arg>admin</arg>
<arg>pass</arg>
<arg>English (Indian)</arg>
<arg>OpenEMR</arg>
<kw name="Input Text" library="SeleniumLibrary">
<arg>id=authUser</arg>
<arg>${username}</arg>
<doc>Types the given ``text`` into the text field identified by ``locator``.</doc>
<msg timestamp="20220212 11:51:09.118" level="INFO">Typing text 'admin' into text field 'id=authUser'.</msg>
<status status="PASS" starttime="20220212 11:51:09.118" endtime="20220212 11:51:09.188"/>
</kw>
<kw name="Input Password" library="SeleniumLibrary">
<arg>id=clearPass</arg>
<arg>${password}</arg>
<doc>Types the given password into the text field identified by ``locator``.</doc>
<msg timestamp="20220212 11:51:09.188" level="INFO">Typing password into text field 'id=clearPass'.</msg>
<msg timestamp="20220212 11:51:09.225" level="INFO">Temporally setting log level to: NONE</msg>
<msg timestamp="20220212 11:51:09.275" level="INFO">Log level changed from NONE to INFO.</msg>
<status status="PASS" starttime="20220212 11:51:09.188" endtime="20220212 11:51:09.275"/>
</kw>
<kw name="Select From List By Label" library="SeleniumLibrary">
<arg>name=languageChoice</arg>
<arg>${language}</arg>
<doc>Selects options from selection list ``locator`` by ``labels``.</doc>
<msg timestamp="20220212 11:51:09.276" level="INFO">Selecting options from selection list 'name=languageChoice' by label English (Indian).</msg>
<status status="PASS" starttime="20220212 11:51:09.276" endtime="20220212 11:51:09.337"/>
</kw>
<kw name="Click Element" library="SeleniumLibrary">
<arg>xpath=//button[@type='submit']</arg>
<doc>Click the element identified by ``locator``.</doc>
<msg timestamp="20220212 11:51:09.337" level="INFO">Clicking element 'xpath=//button[@type='submit']'.</msg>
<status status="PASS" starttime="20220212 11:51:09.337" endtime="20220212 11:51:13.232"/>
</kw>
<kw name="Title Should Be" library="SeleniumLibrary">
<arg>${expected_title}</arg>
<doc>Verifies that the current page title equals ``title``.</doc>
<msg timestamp="20220212 11:51:13.237" level="INFO">Page title is 'OpenEMR'.</msg>
<status status="PASS" starttime="20220212 11:51:13.232" endtime="20220212 11:51:13.237"/>
</kw>
<status status="PASS" starttime="20220212 11:51:09.117" endtime="20220212 11:51:13.238"/>
</kw>
<kw name="End Browser" library="common_functionality" type="TEARDOWN">
<kw name="Close Browser" library="SeleniumLibrary">
<doc>Closes the current browser.</doc>
<status status="PASS" starttime="20220212 11:51:13.238" endtime="20220212 11:51:15.524"/>
</kw>
<status status="PASS" starttime="20220212 11:51:13.238" endtime="20220212 11:51:15.524"/>
</kw>
<status status="PASS" starttime="20220212 11:50:56.419" endtime="20220212 11:51:15.525"/>
</test>
<test id="s1-t2" name="TC1">
<kw name="Launch Browser" library="common_functionality" type="SETUP">
<kw name="Set Local Variable" library="BuiltIn">
<arg>${driver}</arg>
<arg>chromedriver.exe</arg>
<doc>Makes a variable available everywhere within the local scope.</doc>
<msg timestamp="20220212 11:51:15.529" level="INFO">${driver} = chromedriver.exe</msg>
<status status="PASS" starttime="20220212 11:51:15.528" endtime="20220212 11:51:15.529"/>
</kw>
<if>
<branch type="IF" condition="'${BROWSER_NAME}' == 'firefox'">
<kw name="Set Local Variable" library="BuiltIn">
<arg>${driver}</arg>
<arg>geckodriver.exe</arg>
<doc>Makes a variable available everywhere within the local scope.</doc>
<status status="NOT RUN" starttime="20220212 11:51:15.529" endtime="20220212 11:51:15.529"/>
</kw>
<status status="NOT RUN" starttime="20220212 11:51:15.529" endtime="20220212 11:51:15.529"/>
</branch>
<branch type="ELSE IF" condition="'${BROWSER_NAME}' == 'edge'">
<kw name="Set Local Variable" library="BuiltIn">
<arg>${driver}</arg>
<arg>msedgedriver.exe</arg>
<doc>Makes a variable available everywhere within the local scope.</doc>
<msg timestamp="20220212 11:51:15.530" level="INFO">${driver} = msedgedriver.exe</msg>
<status status="PASS" starttime="20220212 11:51:15.529" endtime="20220212 11:51:15.530"/>
</kw>
<status status="PASS" starttime="20220212 11:51:15.529" endtime="20220212 11:51:15.530"/>
</branch>
<branch type="ELSE IF" condition="'${BROWSER_NAME}' == 'safari'">
<kw name="Set Local Variable" library="BuiltIn">
<arg>${driver}</arg>
<arg>safaridriver.exe</arg>
<doc>Makes a variable available everywhere within the local scope.</doc>
<status status="NOT RUN" starttime="20220212 11:51:15.530" endtime="20220212 11:51:15.530"/>
</kw>
<status status="NOT RUN" starttime="20220212 11:51:15.530" endtime="20220212 11:51:15.530"/>
</branch>
<status status="PASS" starttime="20220212 11:51:15.529" endtime="20220212 11:51:15.530"/>
</if>
<kw name="Open Browser" library="SeleniumLibrary">
<arg>browser=${BROWSER_NAME}</arg>
<arg>executable_path=${EXECDIR}${/}drivers${/}${driver}</arg>
<doc>Opens a new browser instance to the optional ``url``.</doc>
<msg timestamp="20220212 11:51:15.531" level="INFO">Opening browser 'edge' to base url 'None'.</msg>
<status status="PASS" starttime="20220212 11:51:15.530" endtime="20220212 11:51:16.748"/>
</kw>
<kw name="Maximize Browser Window" library="SeleniumLibrary">
<doc>Maximizes current browser window.</doc>
<status status="PASS" starttime="20220212 11:51:16.749" endtime="20220212 11:51:16.867"/>
</kw>
<kw name="Set Selenium Implicit Wait" library="SeleniumLibrary">
<arg>30s</arg>
<doc>Sets the implicit wait value used by Selenium.</doc>
<status status="PASS" starttime="20220212 11:51:16.868" endtime="20220212 11:51:16.873"/>
</kw>
<kw name="Set Screenshot Directory" library="SeleniumLibrary">
<arg>${EXECDIR}${/}screenshot</arg>
<doc>Sets the directory for captured screenshots.</doc>
<status status="PASS" starttime="20220212 11:51:16.873" endtime="20220212 11:51:16.874"/>
</kw>
<kw name="Go To" library="SeleniumLibrary">
<arg>url=${URL}</arg>
<doc>Navigates the current browser window to the provided ``url``.</doc>
<msg timestamp="20220212 11:51:16.874" level="INFO">Opening url 'https://demo.openemr.io/b/openemr'</msg>
<status status="PASS" starttime="20220212 11:51:16.874" endtime="20220212 11:51:22.152"/>
</kw>
<status status="PASS" starttime="20220212 11:51:15.528" endtime="20220212 11:51:22.152"/>
</kw>
<kw name="Verify Valid Credential Template">
<arg>accountant</arg>
<arg>accountant</arg>
<arg>Dutch</arg>
<arg>OpenEMR</arg>
<kw name="Input Text" library="SeleniumLibrary">
<arg>id=authUser</arg>
<arg>${username}</arg>
<doc>Types the given ``text`` into the text field identified by ``locator``.</doc>
<msg timestamp="20220212 11:51:22.154" level="INFO">Typing text 'accountant' into text field 'id=authUser'.</msg>
<status status="PASS" starttime="20220212 11:51:22.154" endtime="20220212 11:51:22.230"/>
</kw>
<kw name="Input Password" library="SeleniumLibrary">
<arg>id=clearPass</arg>
<arg>${password}</arg>
<doc>Types the given password into the text field identified by ``locator``.</doc>
<msg timestamp="20220212 11:51:22.231" level="INFO">Typing password into text field 'id=clearPass'.</msg>
<msg timestamp="20220212 11:51:22.268" level="INFO">Temporally setting log level to: NONE</msg>
<msg timestamp="20220212 11:51:22.315" level="INFO">Log level changed from NONE to INFO.</msg>
<status status="PASS" starttime="20220212 11:51:22.230" endtime="20220212 11:51:22.315"/>
</kw>
<kw name="Select From List By Label" library="SeleniumLibrary">
<arg>name=languageChoice</arg>
<arg>${language}</arg>
<doc>Selects options from selection list ``locator`` by ``labels``.</doc>
<msg timestamp="20220212 11:51:22.315" level="INFO">Selecting options from selection list 'name=languageChoice' by label Dutch.</msg>
<status status="PASS" starttime="20220212 11:51:22.315" endtime="20220212 11:51:22.375"/>
</kw>
<kw name="Click Element" library="SeleniumLibrary">
<arg>xpath=//button[@type='submit']</arg>
<doc>Click the element identified by ``locator``.</doc>
<msg timestamp="20220212 11:51:22.376" level="INFO">Clicking element 'xpath=//button[@type='submit']'.</msg>
<status status="PASS" starttime="20220212 11:51:22.375" endtime="20220212 11:51:26.670"/>
</kw>
<kw name="Title Should Be" library="SeleniumLibrary">
<arg>${expected_title}</arg>
<doc>Verifies that the current page title equals ``title``.</doc>
<msg timestamp="20220212 11:51:26.679" level="INFO">Page title is 'OpenEMR'.</msg>
<status status="PASS" starttime="20220212 11:51:26.671" endtime="20220212 11:51:26.679"/>
</kw>
<status status="PASS" starttime="20220212 11:51:22.153" endtime="20220212 11:51:26.679"/>
</kw>
<kw name="End Browser" library="common_functionality" type="TEARDOWN">
<kw name="Close Browser" library="SeleniumLibrary">
<doc>Closes the current browser.</doc>
<status status="PASS" starttime="20220212 11:51:26.680" endtime="20220212 11:51:28.996"/>
</kw>
<status status="PASS" starttime="20220212 11:51:26.679" endtime="20220212 11:51:28.996"/>
</kw>
<status status="PASS" starttime="20220212 11:51:15.526" endtime="20220212 11:51:28.997"/>
</test>
<test id="s1-t3" name="TC1">
<kw name="Launch Browser" library="common_functionality" type="SETUP">
<kw name="Set Local Variable" library="BuiltIn">
<arg>${driver}</arg>
<arg>chromedriver.exe</arg>
<doc>Makes a variable available everywhere within the local scope.</doc>
<msg timestamp="20220212 11:51:29.004" level="INFO">${driver} = chromedriver.exe</msg>
<status status="PASS" starttime="20220212 11:51:29.003" endtime="20220212 11:51:29.004"/>
</kw>
<if>
<branch type="IF" condition="'${BROWSER_NAME}' == 'firefox'">
<kw name="Set Local Variable" library="BuiltIn">
<arg>${driver}</arg>
<arg>geckodriver.exe</arg>
<doc>Makes a variable available everywhere within the local scope.</doc>
<status status="NOT RUN" starttime="20220212 11:51:29.004" endtime="20220212 11:51:29.004"/>
</kw>
<status status="NOT RUN" starttime="20220212 11:51:29.004" endtime="20220212 11:51:29.004"/>
</branch>
<branch type="ELSE IF" condition="'${BROWSER_NAME}' == 'edge'">
<kw name="Set Local Variable" library="BuiltIn">
<arg>${driver}</arg>
<arg>msedgedriver.exe</arg>
<doc>Makes a variable available everywhere within the local scope.</doc>
<msg timestamp="20220212 11:51:29.005" level="INFO">${driver} = msedgedriver.exe</msg>
<status status="PASS" starttime="20220212 11:51:29.005" endtime="20220212 11:51:29.005"/>
</kw>
<status status="PASS" starttime="20220212 11:51:29.004" endtime="20220212 11:51:29.005"/>
</branch>
<branch type="ELSE IF" condition="'${BROWSER_NAME}' == 'safari'">
<kw name="Set Local Variable" library="BuiltIn">
<arg>${driver}</arg>
<arg>safaridriver.exe</arg>
<doc>Makes a variable available everywhere within the local scope.</doc>
<status status="NOT RUN" starttime="20220212 11:51:29.005" endtime="20220212 11:51:29.005"/>
</kw>
<status status="NOT RUN" starttime="20220212 11:51:29.005" endtime="20220212 11:51:29.005"/>
</branch>
<status status="PASS" starttime="20220212 11:51:29.004" endtime="20220212 11:51:29.005"/>
</if>
<kw name="Open Browser" library="SeleniumLibrary">
<arg>browser=${BROWSER_NAME}</arg>
<arg>executable_path=${EXECDIR}${/}drivers${/}${driver}</arg>
<doc>Opens a new browser instance to the optional ``url``.</doc>
<msg timestamp="20220212 11:51:29.006" level="INFO">Opening browser 'edge' to base url 'None'.</msg>
<status status="PASS" starttime="20220212 11:51:29.005" endtime="20220212 11:51:30.203"/>
</kw>
<kw name="Maximize Browser Window" library="SeleniumLibrary">
<doc>Maximizes current browser window.</doc>
<status status="PASS" starttime="20220212 11:51:30.204" endtime="20220212 11:51:30.446"/>
</kw>
<kw name="Set Selenium Implicit Wait" library="SeleniumLibrary">
<arg>30s</arg>
<doc>Sets the implicit wait value used by Selenium.</doc>
<status status="PASS" starttime="20220212 11:51:30.446" endtime="20220212 11:51:30.449"/>
</kw>
<kw name="Set Screenshot Directory" library="SeleniumLibrary">
<arg>${EXECDIR}${/}screenshot</arg>
<doc>Sets the directory for captured screenshots.</doc>
<status status="PASS" starttime="20220212 11:51:30.449" endtime="20220212 11:51:30.450"/>
</kw>
<kw name="Go To" library="SeleniumLibrary">
<arg>url=${URL}</arg>
<doc>Navigates the current browser window to the provided ``url``.</doc>
<msg timestamp="20220212 11:51:30.450" level="INFO">Opening url 'https://demo.openemr.io/b/openemr'</msg>
<status status="PASS" starttime="20220212 11:51:30.450" endtime="20220212 11:51:35.632"/>
</kw>
<status status="PASS" starttime="20220212 11:51:29.003" endtime="20220212 11:51:35.633"/>
</kw>
<kw name="Verify Valid Credential Template">
<arg>physician</arg>
<arg>physician</arg>
<arg>Dutch</arg>
<arg>OpenEMR</arg>
<kw name="Input Text" library="SeleniumLibrary">
<arg>id=authUser</arg>
<arg>${username}</arg>
<doc>Types the given ``text`` into the text field identified by ``locator``.</doc>
<msg timestamp="20220212 11:51:35.635" level="INFO">Typing text 'physician' into text field 'id=authUser'.</msg>
<status status="PASS" starttime="20220212 11:51:35.635" endtime="20220212 11:51:35.707"/>
</kw>
<kw name="Input Password" library="SeleniumLibrary">
<arg>id=clearPass</arg>
<arg>${password}</arg>
<doc>Types the given password into the text field identified by ``locator``.</doc>
<msg timestamp="20220212 11:51:35.708" level="INFO">Typing password into text field 'id=clearPass'.</msg>
<msg timestamp="20220212 11:51:35.745" level="INFO">Temporally setting log level to: NONE</msg>
<msg timestamp="20220212 11:51:35.789" level="INFO">Log level changed from NONE to INFO.</msg>
<status status="PASS" starttime="20220212 11:51:35.707" endtime="20220212 11:51:35.789"/>
</kw>
<kw name="Select From List By Label" library="SeleniumLibrary">
<arg>name=languageChoice</arg>
<arg>${language}</arg>
<doc>Selects options from selection list ``locator`` by ``labels``.</doc>
<msg timestamp="20220212 11:51:35.790" level="INFO">Selecting options from selection list 'name=languageChoice' by label Dutch.</msg>
<status status="PASS" starttime="20220212 11:51:35.789" endtime="20220212 11:51:35.855"/>
</kw>
<kw name="Click Element" library="SeleniumLibrary">
<arg>xpath=//button[@type='submit']</arg>
<doc>Click the element identified by ``locator``.</doc>
<msg timestamp="20220212 11:51:35.856" level="INFO">Clicking element 'xpath=//button[@type='submit']'.</msg>
<status status="PASS" starttime="20220212 11:51:35.855" endtime="20220212 11:51:40.588"/>
</kw>
<kw name="Title Should Be" library="SeleniumLibrary">
<arg>${expected_title}</arg>
<doc>Verifies that the current page title equals ``title``.</doc>
<msg timestamp="20220212 11:51:40.593" level="INFO">Page title is 'OpenEMR'.</msg>
<status status="PASS" starttime="20220212 11:51:40.588" endtime="20220212 11:51:40.594"/>
</kw>
<status status="PASS" starttime="20220212 11:51:35.634" endtime="20220212 11:51:40.594"/>
</kw>
<kw name="End Browser" library="common_functionality" type="TEARDOWN">
<kw name="Close Browser" library="SeleniumLibrary">
<doc>Closes the current browser.</doc>
<status status="PASS" starttime="20220212 11:51:40.594" endtime="20220212 11:51:42.873"/>
</kw>
<status status="PASS" starttime="20220212 11:51:40.594" endtime="20220212 11:51:42.873"/>
</kw>
<status status="PASS" starttime="20220212 11:51:29.001" endtime="20220212 11:51:42.874"/>
</test>
<doc>This suite file verifes all test case related
the valid credentials</doc>
<status status="PASS" starttime="20220212 11:50:29.773" endtime="20220212 11:51:42.876"/>
</suite>
<statistics>
<total>
<stat pass="3" fail="0" skip="0">All Tests</stat>
</total>
<tag>
</tag>
<suite>
<stat pass="3" fail="0" skip="0" id="s1" name="Verify Validate Credential Suite">Verify Validate Credential Suite</stat>
</suite>
</statistics>
<errors>
<msg timestamp="20220212 11:51:15.526" level="WARN">Multiple test cases with name 'TC1' executed in test suite 'Verify Validate Credential Suite'.</msg>
<msg timestamp="20220212 11:51:29.000" level="WARN">Multiple test cases with name 'TC1' executed in test suite 'Verify Validate Credential Suite'.</msg>
</errors>
</robot>
