<?xml version="1.0" encoding="UTF-8"?>
<robot generator="Robot 4.1.3 (Python 3.10.2 on win32)" generated="20220211 14:56:28.215" rpa="false" schemaversion="2">
<suite id="s1" name="Verify Validate Credential Suite" source="C:\Users\Anusha\Desktop\RFP\robot_frame_work\login_suite\verify_validate_credential_suite.robot">
<test id="s1-t1" name="Verify Valid Credential Test">
<kw name="Open Browser" library="SeleniumLibrary">
<arg>browser=chrome</arg>
<arg>executable_path=${EXECDIR}${/}drivers${/}chromedriver.exe</arg>
<doc>Opens a new browser instance to the optional ``url``.</doc>
<msg timestamp="20220211 14:56:28.587" level="INFO">Opening browser 'chrome' to base url 'None'.</msg>
<status status="PASS" starttime="20220211 14:56:28.585" endtime="20220211 14:56:30.170"/>
</kw>
<kw name="Maximize Browser Window" library="SeleniumLibrary">
<doc>Maximizes current browser window.</doc>
<status status="PASS" starttime="20220211 14:56:30.171" endtime="20220211 14:56:30.315"/>
</kw>
<kw name="Set Selenium Implicit Wait" library="SeleniumLibrary">
<arg>30s</arg>
<doc>Sets the implicit wait value used by Selenium.</doc>
<status status="PASS" starttime="20220211 14:56:30.317" endtime="20220211 14:56:30.319"/>
</kw>
<kw name="Go To" library="SeleniumLibrary">
<arg>url=https://demo.openemr.io/b/openemr/index.php</arg>
<doc>Navigates the current browser window to the provided ``url``.</doc>
<msg timestamp="20220211 14:56:30.320" level="INFO">Opening url 'https://demo.openemr.io/b/openemr/index.php'</msg>
<status status="PASS" starttime="20220211 14:56:30.320" endtime="20220211 14:56:36.165"/>
</kw>
<kw name="Input Text" library="SeleniumLibrary">
<arg>id=authUser</arg>
<arg>admin</arg>
<doc>Types the given ``text`` into the text field identified by ``locator``.</doc>
<msg timestamp="20220211 14:56:36.168" level="INFO">Typing text 'admin' into text field 'id=authUser'.</msg>
<status status="PASS" starttime="20220211 14:56:36.166" endtime="20220211 14:56:36.383"/>
</kw>
<kw name="Input Password" library="SeleniumLibrary">
<arg>id=clearPass</arg>
<arg>pass</arg>
<doc>Types the given password into the text field identified by ``locator``.</doc>
<msg timestamp="20220211 14:56:36.385" level="INFO">Typing password into text field 'id=clearPass'.</msg>
<msg timestamp="20220211 14:56:36.470" level="INFO">Temporally setting log level to: NONE</msg>
<msg timestamp="20220211 14:56:36.549" level="INFO">Log level changed from NONE to INFO.</msg>
<status status="PASS" starttime="20220211 14:56:36.384" endtime="20220211 14:56:36.550"/>
</kw>
<kw name="Select From List By Label" library="SeleniumLibrary">
<arg>name=languageChoice</arg>
<arg>English (Indian)</arg>
<doc>Selects options from selection list ``locator`` by ``labels``.</doc>
<msg timestamp="20220211 14:56:36.550" level="INFO">Selecting options from selection list 'name=languageChoice' by label English (Indian).</msg>
<status status="PASS" starttime="20220211 14:56:36.550" endtime="20220211 14:56:36.685"/>
</kw>
<kw name="Click Element" library="SeleniumLibrary">
<arg>xpath=//button[@type='submit']</arg>
<doc>Click the element identified by ``locator``.</doc>
<msg timestamp="20220211 14:56:36.687" level="INFO">Clicking element 'xpath=//button[@type='submit']'.</msg>
<status status="PASS" starttime="20220211 14:56:36.686" endtime="20220211 14:56:42.336"/>
</kw>
<kw name="Title Should Be" library="SeleniumLibrary">
<arg>OpenEMR</arg>
<doc>Verifies that the current page title equals ``title``.</doc>
<msg timestamp="20220211 14:56:42.350" level="INFO">Page title is 'OpenEMR'.</msg>
<status status="PASS" starttime="20220211 14:56:42.336" endtime="20220211 14:56:42.350"/>
</kw>
<kw name="Close Browser" library="SeleniumLibrary">
<doc>Closes the current browser.</doc>
<status status="PASS" starttime="20220211 14:56:42.351" endtime="20220211 14:56:44.641"/>
</kw>
<status status="PASS" starttime="20220211 14:56:28.583" endtime="20220211 14:56:44.642"/>
</test>
<doc>This suite file verifes all test case related
the valid credentials</doc>
<status status="PASS" starttime="20220211 14:56:28.217" endtime="20220211 14:56:44.647"/>
</suite>
<statistics>
<total>
<stat pass="1" fail="0" skip="0">All Tests</stat>
</total>
<tag>
</tag>
<suite>
<stat pass="1" fail="0" skip="0" id="s1" name="Verify Validate Credential Suite">Verify Validate Credential Suite</stat>
</suite>
</statistics>
<errors>
</errors>
</robot>
