<?xml version="1.0" encoding="UTF-8"?>
<robot generator="Robot 4.1.3 (Python 3.10.2 on win32)" generated="20220211 17:42:17.695" rpa="false" schemaversion="2">
<suite id="s1" name="Verify Invalid Credentials Suite" source="C:\Users\Anusha\Desktop\RFP\robot_frame_work\login_suite\verify_invalid_credentials_suite.robot">
<test id="s1-t1" name="TC1">
<kw name="Launch Browser" library="common_functionality" type="SETUP">
<kw name="Open Browser" library="SeleniumLibrary">
<arg>browser=chrome</arg>
<arg>executable_path=${EXECDIR}${/}drivers${/}chromedriver.exe</arg>
<doc>Opens a new browser instance to the optional ``url``.</doc>
<msg timestamp="20220211 17:42:18.017" level="INFO">Opening browser 'chrome' to base url 'None'.</msg>
<status status="PASS" starttime="20220211 17:42:18.017" endtime="20220211 17:42:19.426"/>
</kw>
<kw name="Maximize Browser Window" library="SeleniumLibrary">
<doc>Maximizes current browser window.</doc>
<status status="PASS" starttime="20220211 17:42:19.426" endtime="20220211 17:42:19.537"/>
</kw>
<kw name="Set Selenium Implicit Wait" library="SeleniumLibrary">
<arg>30s</arg>
<doc>Sets the implicit wait value used by Selenium.</doc>
<status status="PASS" starttime="20220211 17:42:19.537" endtime="20220211 17:42:19.537"/>
</kw>
<kw name="Go To" library="SeleniumLibrary">
<arg>url=https://demo.openemr.io/b/openemr/index.php</arg>
<doc>Navigates the current browser window to the provided ``url``.</doc>
<msg timestamp="20220211 17:42:19.537" level="INFO">Opening url 'https://demo.openemr.io/b/openemr/index.php'</msg>
<status status="PASS" starttime="20220211 17:42:19.537" endtime="20220211 17:42:25.682"/>
</kw>
<status status="PASS" starttime="20220211 17:42:18.017" endtime="20220211 17:42:25.683"/>
</kw>
<kw name="Input Text" library="SeleniumLibrary">
<arg>id=authUser</arg>
<arg>john</arg>
<doc>Types the given ``text`` into the text field identified by ``locator``.</doc>
<msg timestamp="20220211 17:42:25.686" level="INFO">Typing text 'john' into text field 'id=authUser'.</msg>
<status status="PASS" starttime="20220211 17:42:25.684" endtime="20220211 17:42:25.786"/>
</kw>
<kw name="Input Password" library="SeleniumLibrary">
<arg>id=clearPass</arg>
<arg>john123</arg>
<doc>Types the given password into the text field identified by ``locator``.</doc>
<msg timestamp="20220211 17:42:25.787" level="INFO">Typing password into text field 'id=clearPass'.</msg>
<msg timestamp="20220211 17:42:25.860" level="INFO">Temporally setting log level to: NONE</msg>
<msg timestamp="20220211 17:42:25.983" level="INFO">Log level changed from NONE to INFO.</msg>
<status status="PASS" starttime="20220211 17:42:25.787" endtime="20220211 17:42:25.983"/>
</kw>
<kw name="Select From List By Label" library="SeleniumLibrary">
<arg>name=languageChoice</arg>
<arg>Dutch</arg>
<doc>Selects options from selection list ``locator`` by ``labels``.</doc>
<msg timestamp="20220211 17:42:25.984" level="INFO">Selecting options from selection list 'name=languageChoice' by label Dutch.</msg>
<status status="PASS" starttime="20220211 17:42:25.983" endtime="20220211 17:42:26.050"/>
</kw>
<kw name="Click Element" library="SeleniumLibrary">
<arg>xpath=//button[@type='submit']</arg>
<doc>Click the element identified by ``locator``.</doc>
<msg timestamp="20220211 17:42:26.051" level="INFO">Clicking element 'xpath=//button[@type='submit']'.</msg>
<status status="PASS" starttime="20220211 17:42:26.051" endtime="20220211 17:42:27.275"/>
</kw>
<kw name="End Browser" library="common_functionality" type="TEARDOWN">
<kw name="Capture Page Screenshot" library="SeleniumLibrary">
<doc>Takes a screenshot of the current page and embeds it into a log file.</doc>
<msg timestamp="20220211 17:42:27.589" level="INFO" html="true">&lt;/td&gt;&lt;/tr&gt;&lt;tr&gt;&lt;td colspan="3"&gt;&lt;a href="selenium-screenshot-3.png"&gt;&lt;img src="selenium-screenshot-3.png" width="800px"&gt;&lt;/a&gt;</msg>
<status status="PASS" starttime="20220211 17:42:27.276" endtime="20220211 17:42:27.589"/>
</kw>
<kw name="Close Browser" library="SeleniumLibrary">
<doc>Closes the current browser.</doc>
<status status="PASS" starttime="20220211 17:42:27.589" endtime="20220211 17:42:29.823"/>
</kw>
<status status="PASS" starttime="20220211 17:42:27.276" endtime="20220211 17:42:29.823"/>
</kw>
<status status="PASS" starttime="20220211 17:42:18.017" endtime="20220211 17:42:29.823"/>
</test>
<doc>this file handles all the test case related to
invalid credentials</doc>
<status status="PASS" starttime="20220211 17:42:17.695" endtime="20220211 17:42:29.823"/>
</suite>
<statistics>
<total>
<stat pass="1" fail="0" skip="0">All Tests</stat>
</total>
<tag>
</tag>
<suite>
<stat pass="1" fail="0" skip="0" id="s1" name="Verify Invalid Credentials Suite">Verify Invalid Credentials Suite</stat>
</suite>
</statistics>
<errors>
</errors>
</robot>
