<?xml version="1.0" encoding="UTF-8"?>
<robot generator="Robot 4.1.3 (Python 3.10.2 on win32)" generated="20220212 16:37:34.684" rpa="false" schemaversion="2">
<suite id="s1" name="Verify Invalid Credentials Suite" source="C:\Users\Anusha\Desktop\RFP\robot_frame_work\login_suite\verify_invalid_credentials_suite.robot">
<test id="s1-t1" name="TC1">
<kw name="Launch Browser" library="common_functionality" type="SETUP">
<kw name="Set Local Variable" library="BuiltIn">
<arg>${driver}</arg>
<arg>chromedriver.exe</arg>
<doc>Makes a variable available everywhere within the local scope.</doc>
<msg timestamp="20220212 16:37:35.459" level="INFO">${driver} = chromedriver.exe</msg>
<status status="PASS" starttime="20220212 16:37:35.458" endtime="20220212 16:37:35.459"/>
</kw>
<if>
<branch type="IF" condition="'${BROWSER_NAME}' == 'firefox'">
<kw name="Set Local Variable" library="BuiltIn">
<arg>${driver}</arg>
<arg>geckodriver.exe</arg>
<doc>Makes a variable available everywhere within the local scope.</doc>
<status status="NOT RUN" starttime="20220212 16:37:35.459" endtime="20220212 16:37:35.459"/>
</kw>
<status status="NOT RUN" starttime="20220212 16:37:35.459" endtime="20220212 16:37:35.459"/>
</branch>
<branch type="ELSE IF" condition="'${BROWSER_NAME}' == 'edge'">
<kw name="Set Local Variable" library="BuiltIn">
<arg>${driver}</arg>
<arg>msedgedriver.exe</arg>
<doc>Makes a variable available everywhere within the local scope.</doc>
<msg timestamp="20220212 16:37:35.460" level="INFO">${driver} = msedgedriver.exe</msg>
<status status="PASS" starttime="20220212 16:37:35.460" endtime="20220212 16:37:35.460"/>
</kw>
<status status="PASS" starttime="20220212 16:37:35.459" endtime="20220212 16:37:35.460"/>
</branch>
<branch type="ELSE IF" condition="'${BROWSER_NAME}' == 'safari'">
<kw name="Set Local Variable" library="BuiltIn">
<arg>${driver}</arg>
<arg>safaridriver.exe</arg>
<doc>Makes a variable available everywhere within the local scope.</doc>
<status status="NOT RUN" starttime="20220212 16:37:35.460" endtime="20220212 16:37:35.460"/>
</kw>
<status status="NOT RUN" starttime="20220212 16:37:35.460" endtime="20220212 16:37:35.460"/>
</branch>
<status status="PASS" starttime="20220212 16:37:35.459" endtime="20220212 16:37:35.460"/>
</if>
<kw name="Open Browser" library="SeleniumLibrary">
<arg>browser=${BROWSER_NAME}</arg>
<arg>executable_path=${EXECDIR}${/}drivers${/}${driver}</arg>
<doc>Opens a new browser instance to the optional ``url``.</doc>
<msg timestamp="20220212 16:37:35.460" level="INFO">Opening browser 'edge' to base url 'None'.</msg>
<status status="PASS" starttime="20220212 16:37:35.460" endtime="20220212 16:37:36.940"/>
</kw>
<kw name="Maximize Browser Window" library="SeleniumLibrary">
<doc>Maximizes current browser window.</doc>
<status status="PASS" starttime="20220212 16:37:36.941" endtime="20220212 16:37:37.072"/>
</kw>
<kw name="Set Selenium Implicit Wait" library="SeleniumLibrary">
<arg>30s</arg>
<doc>Sets the implicit wait value used by Selenium.</doc>
<status status="PASS" starttime="20220212 16:37:37.072" endtime="20220212 16:37:37.075"/>
</kw>
<kw name="Set Screenshot Directory" library="SeleniumLibrary">
<arg>${EXECDIR}${/}screenshot</arg>
<doc>Sets the directory for captured screenshots.</doc>
<status status="PASS" starttime="20220212 16:37:37.075" endtime="20220212 16:37:37.076"/>
</kw>
<kw name="Go To" library="SeleniumLibrary">
<arg>url=${URL}</arg>
<doc>Navigates the current browser window to the provided ``url``.</doc>
<msg timestamp="20220212 16:37:37.076" level="INFO">Opening url 'https://demo.openemr.io/b/openemr'</msg>
<status status="PASS" starttime="20220212 16:37:37.076" endtime="20220212 16:37:43.559"/>
</kw>
<status status="PASS" starttime="20220212 16:37:35.458" endtime="20220212 16:37:43.560"/>
</kw>
<kw name="Verify Invalid Credential Template">
<arg>john</arg>
<arg>john123</arg>
<arg>Dutch</arg>
<arg>Invalid username or password</arg>
<kw name="Enter Username" library="login_page">
<arg>${username}</arg>
<kw name="Input Text" library="SeleniumLibrary">
<arg>${USERNAME_LOCATOR}</arg>
<arg>${username}</arg>
<doc>Types the given ``text`` into the text field identified by ``locator``.</doc>
<msg timestamp="20220212 16:37:43.567" level="INFO">Typing text 'john' into text field 'id=authUser'.</msg>
<status status="PASS" starttime="20220212 16:37:43.566" endtime="20220212 16:37:43.696"/>
</kw>
<status status="PASS" starttime="20220212 16:37:43.563" endtime="20220212 16:37:43.697"/>
</kw>
<kw name="Enter Password" library="login_page">
<arg>${password}</arg>
<kw name="Input Password" library="SeleniumLibrary">
<arg>${PASSWORD_LOCATOR}</arg>
<arg>${password}</arg>
<doc>Types the given password into the text field identified by ``locator``.</doc>
<msg timestamp="20220212 16:37:43.699" level="INFO">Typing password into text field 'id=clearPass'.</msg>
<msg timestamp="20220212 16:37:43.770" level="INFO">Temporally setting log level to: NONE</msg>
<msg timestamp="20220212 16:37:43.854" level="INFO">Log level changed from NONE to INFO.</msg>
<status status="PASS" starttime="20220212 16:37:43.698" endtime="20220212 16:37:43.854"/>
</kw>
<status status="PASS" starttime="20220212 16:37:43.697" endtime="20220212 16:37:43.855"/>
</kw>
<kw name="Select Language Using Lable" library="login_page">
<arg>${language}</arg>
<kw name="Select From List By Label" library="SeleniumLibrary">
<arg>${LANGUAGE_LOCATOR}</arg>
<arg>${language}</arg>
<doc>Selects options from selection list ``locator`` by ``labels``.</doc>
<msg timestamp="20220212 16:37:43.858" level="INFO">Selecting options from selection list 'name=languageChoice' by label Dutch.</msg>
<status status="PASS" starttime="20220212 16:37:43.857" endtime="20220212 16:37:44.041"/>
</kw>
<status status="PASS" starttime="20220212 16:37:43.855" endtime="20220212 16:37:44.041"/>
</kw>
<kw name="Click Login" library="login_page">
<kw name="Click Element" library="SeleniumLibrary">
<arg>${LOGIN_LOCATOR}</arg>
<doc>Click the element identified by ``locator``.</doc>
<msg timestamp="20220212 16:37:44.042" level="INFO">Clicking element 'xpath=//button[@type='submit']'.</msg>
<status status="PASS" starttime="20220212 16:37:44.042" endtime="20220212 16:37:45.395"/>
</kw>
<status status="PASS" starttime="20220212 16:37:44.041" endtime="20220212 16:37:45.397"/>
</kw>
<kw name="Validate Invalid Error Message" library="login_page">
<arg>${expected_error}</arg>
<kw name="Element Should Contain" library="SeleniumLibrary">
<arg>${ERROR_LOCATOR}</arg>
<arg>${expected_error}</arg>
<doc>Verifies that element ``locator`` contains text ``expected``.</doc>
<msg timestamp="20220212 16:37:45.436" level="INFO">Element 'xpath=//div[contains(text(),'Invalid')]' contains text 'Invalid username or password'.</msg>
<status status="PASS" starttime="20220212 16:37:45.397" endtime="20220212 16:37:45.437"/>
</kw>
<status status="PASS" starttime="20220212 16:37:45.397" endtime="20220212 16:37:45.437"/>
</kw>
<status status="PASS" starttime="20220212 16:37:43.561" endtime="20220212 16:37:45.438"/>
</kw>
<kw name="End Browser" library="common_functionality" type="TEARDOWN">
<kw name="Close Browser" library="SeleniumLibrary">
<doc>Closes the current browser.</doc>
<status status="PASS" starttime="20220212 16:37:45.439" endtime="20220212 16:37:47.694"/>
</kw>
<status status="PASS" starttime="20220212 16:37:45.438" endtime="20220212 16:37:47.694"/>
</kw>
<status status="PASS" starttime="20220212 16:37:35.457" endtime="20220212 16:37:47.695"/>
</test>
<test id="s1-t2" name="TC2">
<kw name="Launch Browser" library="common_functionality" type="SETUP">
<kw name="Set Local Variable" library="BuiltIn">
<arg>${driver}</arg>
<arg>chromedriver.exe</arg>
<doc>Makes a variable available everywhere within the local scope.</doc>
<msg timestamp="20220212 16:37:47.703" level="INFO">${driver} = chromedriver.exe</msg>
<status status="PASS" starttime="20220212 16:37:47.703" endtime="20220212 16:37:47.703"/>
</kw>
<if>
<branch type="IF" condition="'${BROWSER_NAME}' == 'firefox'">
<kw name="Set Local Variable" library="BuiltIn">
<arg>${driver}</arg>
<arg>geckodriver.exe</arg>
<doc>Makes a variable available everywhere within the local scope.</doc>
<status status="NOT RUN" starttime="20220212 16:37:47.707" endtime="20220212 16:37:47.707"/>
</kw>
<status status="NOT RUN" starttime="20220212 16:37:47.707" endtime="20220212 16:37:47.707"/>
</branch>
<branch type="ELSE IF" condition="'${BROWSER_NAME}' == 'edge'">
<kw name="Set Local Variable" library="BuiltIn">
<arg>${driver}</arg>
<arg>msedgedriver.exe</arg>
<doc>Makes a variable available everywhere within the local scope.</doc>
<msg timestamp="20220212 16:37:47.707" level="INFO">${driver} = msedgedriver.exe</msg>
<status status="PASS" starttime="20220212 16:37:47.707" endtime="20220212 16:37:47.707"/>
</kw>
<status status="PASS" starttime="20220212 16:37:47.707" endtime="20220212 16:37:47.707"/>
</branch>
<branch type="ELSE IF" condition="'${BROWSER_NAME}' == 'safari'">
<kw name="Set Local Variable" library="BuiltIn">
<arg>${driver}</arg>
<arg>safaridriver.exe</arg>
<doc>Makes a variable available everywhere within the local scope.</doc>
<status status="NOT RUN" starttime="20220212 16:37:47.707" endtime="20220212 16:37:47.707"/>
</kw>
<status status="NOT RUN" starttime="20220212 16:37:47.707" endtime="20220212 16:37:47.707"/>
</branch>
<status status="PASS" starttime="20220212 16:37:47.707" endtime="20220212 16:37:47.707"/>
</if>
<kw name="Open Browser" library="SeleniumLibrary">
<arg>browser=${BROWSER_NAME}</arg>
<arg>executable_path=${EXECDIR}${/}drivers${/}${driver}</arg>
<doc>Opens a new browser instance to the optional ``url``.</doc>
<msg timestamp="20220212 16:37:47.714" level="INFO">Opening browser 'edge' to base url 'None'.</msg>
<status status="PASS" starttime="20220212 16:37:47.707" endtime="20220212 16:37:49.082"/>
</kw>
<kw name="Maximize Browser Window" library="SeleniumLibrary">
<doc>Maximizes current browser window.</doc>
<status status="PASS" starttime="20220212 16:37:49.082" endtime="20220212 16:37:49.205"/>
</kw>
<kw name="Set Selenium Implicit Wait" library="SeleniumLibrary">
<arg>30s</arg>
<doc>Sets the implicit wait value used by Selenium.</doc>
<status status="PASS" starttime="20220212 16:37:49.205" endtime="20220212 16:37:49.208"/>
</kw>
<kw name="Set Screenshot Directory" library="SeleniumLibrary">
<arg>${EXECDIR}${/}screenshot</arg>
<doc>Sets the directory for captured screenshots.</doc>
<status status="PASS" starttime="20220212 16:37:49.209" endtime="20220212 16:37:49.209"/>
</kw>
<kw name="Go To" library="SeleniumLibrary">
<arg>url=${URL}</arg>
<doc>Navigates the current browser window to the provided ``url``.</doc>
<msg timestamp="20220212 16:37:49.209" level="INFO">Opening url 'https://demo.openemr.io/b/openemr'</msg>
<status status="PASS" starttime="20220212 16:37:49.209" endtime="20220212 16:37:56.428"/>
</kw>
<status status="PASS" starttime="20220212 16:37:47.700" endtime="20220212 16:37:56.429"/>
</kw>
<kw name="Verify Invalid Credential Template">
<arg>peter</arg>
<arg>peter123</arg>
<arg>Danish</arg>
<arg>Invalid username or password</arg>
<kw name="Enter Username" library="login_page">
<arg>${username}</arg>
<kw name="Input Text" library="SeleniumLibrary">
<arg>${USERNAME_LOCATOR}</arg>
<arg>${username}</arg>
<doc>Types the given ``text`` into the text field identified by ``locator``.</doc>
<msg timestamp="20220212 16:37:56.436" level="INFO">Typing text 'peter' into text field 'id=authUser'.</msg>
<status status="PASS" starttime="20220212 16:37:56.435" endtime="20220212 16:37:56.582"/>
</kw>
<status status="PASS" starttime="20220212 16:37:56.432" endtime="20220212 16:37:56.583"/>
</kw>
<kw name="Enter Password" library="login_page">
<arg>${password}</arg>
<kw name="Input Password" library="SeleniumLibrary">
<arg>${PASSWORD_LOCATOR}</arg>
<arg>${password}</arg>
<doc>Types the given password into the text field identified by ``locator``.</doc>
<msg timestamp="20220212 16:37:56.586" level="INFO">Typing password into text field 'id=clearPass'.</msg>
<msg timestamp="20220212 16:37:56.651" level="INFO">Temporally setting log level to: NONE</msg>
<msg timestamp="20220212 16:37:56.698" level="INFO">Log level changed from NONE to INFO.</msg>
<status status="PASS" starttime="20220212 16:37:56.585" endtime="20220212 16:37:56.698"/>
</kw>
<status status="PASS" starttime="20220212 16:37:56.584" endtime="20220212 16:37:56.698"/>
</kw>
<kw name="Select Language Using Lable" library="login_page">
<arg>${language}</arg>
<kw name="Select From List By Label" library="SeleniumLibrary">
<arg>${LANGUAGE_LOCATOR}</arg>
<arg>${language}</arg>
<doc>Selects options from selection list ``locator`` by ``labels``.</doc>
<msg timestamp="20220212 16:37:56.698" level="INFO">Selecting options from selection list 'name=languageChoice' by label Danish.</msg>
<status status="PASS" starttime="20220212 16:37:56.698" endtime="20220212 16:37:56.775"/>
</kw>
<status status="PASS" starttime="20220212 16:37:56.698" endtime="20220212 16:37:56.775"/>
</kw>
<kw name="Click Login" library="login_page">
<kw name="Click Element" library="SeleniumLibrary">
<arg>${LOGIN_LOCATOR}</arg>
<doc>Click the element identified by ``locator``.</doc>
<msg timestamp="20220212 16:37:56.776" level="INFO">Clicking element 'xpath=//button[@type='submit']'.</msg>
<status status="PASS" starttime="20220212 16:37:56.776" endtime="20220212 16:37:57.910"/>
</kw>
<status status="PASS" starttime="20220212 16:37:56.775" endtime="20220212 16:37:57.910"/>
</kw>
<kw name="Validate Invalid Error Message" library="login_page">
<arg>${expected_error}</arg>
<kw name="Element Should Contain" library="SeleniumLibrary">
<arg>${ERROR_LOCATOR}</arg>
<arg>${expected_error}</arg>
<doc>Verifies that element ``locator`` contains text ``expected``.</doc>
<msg timestamp="20220212 16:37:57.947" level="INFO">Element 'xpath=//div[contains(text(),'Invalid')]' contains text 'Invalid username or password'.</msg>
<status status="PASS" starttime="20220212 16:37:57.911" endtime="20220212 16:37:57.947"/>
</kw>
<status status="PASS" starttime="20220212 16:37:57.910" endtime="20220212 16:37:57.947"/>
</kw>
<status status="PASS" starttime="20220212 16:37:56.429" endtime="20220212 16:37:57.948"/>
</kw>
<kw name="End Browser" library="common_functionality" type="TEARDOWN">
<kw name="Close Browser" library="SeleniumLibrary">
<doc>Closes the current browser.</doc>
<status status="PASS" starttime="20220212 16:37:57.949" endtime="20220212 16:38:00.205"/>
</kw>
<status status="PASS" starttime="20220212 16:37:57.949" endtime="20220212 16:38:00.205"/>
</kw>
<status status="PASS" starttime="20220212 16:37:47.699" endtime="20220212 16:38:00.206"/>
</test>
<test id="s1-t3" name="TC3">
<kw name="Launch Browser" library="common_functionality" type="SETUP">
<kw name="Set Local Variable" library="BuiltIn">
<arg>${driver}</arg>
<arg>chromedriver.exe</arg>
<doc>Makes a variable available everywhere within the local scope.</doc>
<msg timestamp="20220212 16:38:00.217" level="INFO">${driver} = chromedriver.exe</msg>
<status status="PASS" starttime="20220212 16:38:00.214" endtime="20220212 16:38:00.217"/>
</kw>
<if>
<branch type="IF" condition="'${BROWSER_NAME}' == 'firefox'">
<kw name="Set Local Variable" library="BuiltIn">
<arg>${driver}</arg>
<arg>geckodriver.exe</arg>
<doc>Makes a variable available everywhere within the local scope.</doc>
<status status="NOT RUN" starttime="20220212 16:38:00.217" endtime="20220212 16:38:00.217"/>
</kw>
<status status="NOT RUN" starttime="20220212 16:38:00.217" endtime="20220212 16:38:00.217"/>
</branch>
<branch type="ELSE IF" condition="'${BROWSER_NAME}' == 'edge'">
<kw name="Set Local Variable" library="BuiltIn">
<arg>${driver}</arg>
<arg>msedgedriver.exe</arg>
<doc>Makes a variable available everywhere within the local scope.</doc>
<msg timestamp="20220212 16:38:00.217" level="INFO">${driver} = msedgedriver.exe</msg>
<status status="PASS" starttime="20220212 16:38:00.217" endtime="20220212 16:38:00.217"/>
</kw>
<status status="PASS" starttime="20220212 16:38:00.217" endtime="20220212 16:38:00.217"/>
</branch>
<branch type="ELSE IF" condition="'${BROWSER_NAME}' == 'safari'">
<kw name="Set Local Variable" library="BuiltIn">
<arg>${driver}</arg>
<arg>safaridriver.exe</arg>
<doc>Makes a variable available everywhere within the local scope.</doc>
<status status="NOT RUN" starttime="20220212 16:38:00.223" endtime="20220212 16:38:00.223"/>
</kw>
<status status="NOT RUN" starttime="20220212 16:38:00.223" endtime="20220212 16:38:00.224"/>
</branch>
<status status="PASS" starttime="20220212 16:38:00.217" endtime="20220212 16:38:00.224"/>
</if>
<kw name="Open Browser" library="SeleniumLibrary">
<arg>browser=${BROWSER_NAME}</arg>
<arg>executable_path=${EXECDIR}${/}drivers${/}${driver}</arg>
<doc>Opens a new browser instance to the optional ``url``.</doc>
<msg timestamp="20220212 16:38:00.225" level="INFO">Opening browser 'edge' to base url 'None'.</msg>
<status status="PASS" starttime="20220212 16:38:00.224" endtime="20220212 16:38:01.870"/>
</kw>
<kw name="Maximize Browser Window" library="SeleniumLibrary">
<doc>Maximizes current browser window.</doc>
<status status="PASS" starttime="20220212 16:38:01.870" endtime="20220212 16:38:01.997"/>
</kw>
<kw name="Set Selenium Implicit Wait" library="SeleniumLibrary">
<arg>30s</arg>
<doc>Sets the implicit wait value used by Selenium.</doc>
<status status="PASS" starttime="20220212 16:38:01.997" endtime="20220212 16:38:01.998"/>
</kw>
<kw name="Set Screenshot Directory" library="SeleniumLibrary">
<arg>${EXECDIR}${/}screenshot</arg>
<doc>Sets the directory for captured screenshots.</doc>
<status status="PASS" starttime="20220212 16:38:01.999" endtime="20220212 16:38:02.000"/>
</kw>
<kw name="Go To" library="SeleniumLibrary">
<arg>url=${URL}</arg>
<doc>Navigates the current browser window to the provided ``url``.</doc>
<msg timestamp="20220212 16:38:02.001" level="INFO">Opening url 'https://demo.openemr.io/b/openemr'</msg>
<status status="PASS" starttime="20220212 16:38:02.000" endtime="20220212 16:38:09.475"/>
</kw>
<status status="PASS" starttime="20220212 16:38:00.213" endtime="20220212 16:38:09.475"/>
</kw>
<kw name="Verify Invalid Credential Template">
<arg>Mark</arg>
<arg>Mark123</arg>
<arg>Greek</arg>
<arg>Invalid username or password</arg>
<kw name="Enter Username" library="login_page">
<arg>${username}</arg>
<kw name="Input Text" library="SeleniumLibrary">
<arg>${USERNAME_LOCATOR}</arg>
<arg>${username}</arg>
<doc>Types the given ``text`` into the text field identified by ``locator``.</doc>
<msg timestamp="20220212 16:38:09.480" level="INFO">Typing text 'Mark' into text field 'id=authUser'.</msg>
<status status="PASS" starttime="20220212 16:38:09.478" endtime="20220212 16:38:09.618"/>
</kw>
<status status="PASS" starttime="20220212 16:38:09.477" endtime="20220212 16:38:09.619"/>
</kw>
<kw name="Enter Password" library="login_page">
<arg>${password}</arg>
<kw name="Input Password" library="SeleniumLibrary">
<arg>${PASSWORD_LOCATOR}</arg>
<arg>${password}</arg>
<doc>Types the given password into the text field identified by ``locator``.</doc>
<msg timestamp="20220212 16:38:09.620" level="INFO">Typing password into text field 'id=clearPass'.</msg>
<msg timestamp="20220212 16:38:09.694" level="INFO">Temporally setting log level to: NONE</msg>
<msg timestamp="20220212 16:38:09.812" level="INFO">Log level changed from NONE to INFO.</msg>
<status status="PASS" starttime="20220212 16:38:09.620" endtime="20220212 16:38:09.813"/>
</kw>
<status status="PASS" starttime="20220212 16:38:09.619" endtime="20220212 16:38:09.813"/>
</kw>
<kw name="Select Language Using Lable" library="login_page">
<arg>${language}</arg>
<kw name="Select From List By Label" library="SeleniumLibrary">
<arg>${LANGUAGE_LOCATOR}</arg>
<arg>${language}</arg>
<doc>Selects options from selection list ``locator`` by ``labels``.</doc>
<msg timestamp="20220212 16:38:09.817" level="INFO">Selecting options from selection list 'name=languageChoice' by label Greek.</msg>
<status status="PASS" starttime="20220212 16:38:09.816" endtime="20220212 16:38:09.966"/>
</kw>
<status status="PASS" starttime="20220212 16:38:09.814" endtime="20220212 16:38:09.967"/>
</kw>
<kw name="Click Login" library="login_page">
<kw name="Click Element" library="SeleniumLibrary">
<arg>${LOGIN_LOCATOR}</arg>
<doc>Click the element identified by ``locator``.</doc>
<msg timestamp="20220212 16:38:09.968" level="INFO">Clicking element 'xpath=//button[@type='submit']'.</msg>
<status status="PASS" starttime="20220212 16:38:09.968" endtime="20220212 16:38:12.578"/>
</kw>
<status status="PASS" starttime="20220212 16:38:09.967" endtime="20220212 16:38:12.579"/>
</kw>
<kw name="Validate Invalid Error Message" library="login_page">
<arg>${expected_error}</arg>
<kw name="Element Should Contain" library="SeleniumLibrary">
<arg>${ERROR_LOCATOR}</arg>
<arg>${expected_error}</arg>
<doc>Verifies that element ``locator`` contains text ``expected``.</doc>
<msg timestamp="20220212 16:38:12.633" level="INFO">Element 'xpath=//div[contains(text(),'Invalid')]' contains text 'Invalid username or password'.</msg>
<status status="PASS" starttime="20220212 16:38:12.579" endtime="20220212 16:38:12.634"/>
</kw>
<status status="PASS" starttime="20220212 16:38:12.579" endtime="20220212 16:38:12.634"/>
</kw>
<status status="PASS" starttime="20220212 16:38:09.476" endtime="20220212 16:38:12.634"/>
</kw>
<kw name="End Browser" library="common_functionality" type="TEARDOWN">
<kw name="Close Browser" library="SeleniumLibrary">
<doc>Closes the current browser.</doc>
<status status="PASS" starttime="20220212 16:38:12.635" endtime="20220212 16:38:14.874"/>
</kw>
<status status="PASS" starttime="20220212 16:38:12.635" endtime="20220212 16:38:14.875"/>
</kw>
<status status="PASS" starttime="20220212 16:38:00.211" endtime="20220212 16:38:14.876"/>
</test>
<test id="s1-t4" name="TC4">
<kw name="Launch Browser" library="common_functionality" type="SETUP">
<kw name="Set Local Variable" library="BuiltIn">
<arg>${driver}</arg>
<arg>chromedriver.exe</arg>
<doc>Makes a variable available everywhere within the local scope.</doc>
<msg timestamp="20220212 16:38:14.883" level="INFO">${driver} = chromedriver.exe</msg>
<status status="PASS" starttime="20220212 16:38:14.883" endtime="20220212 16:38:14.883"/>
</kw>
<if>
<branch type="IF" condition="'${BROWSER_NAME}' == 'firefox'">
<kw name="Set Local Variable" library="BuiltIn">
<arg>${driver}</arg>
<arg>geckodriver.exe</arg>
<doc>Makes a variable available everywhere within the local scope.</doc>
<status status="NOT RUN" starttime="20220212 16:38:14.883" endtime="20220212 16:38:14.883"/>
</kw>
<status status="NOT RUN" starttime="20220212 16:38:14.883" endtime="20220212 16:38:14.883"/>
</branch>
<branch type="ELSE IF" condition="'${BROWSER_NAME}' == 'edge'">
<kw name="Set Local Variable" library="BuiltIn">
<arg>${driver}</arg>
<arg>msedgedriver.exe</arg>
<doc>Makes a variable available everywhere within the local scope.</doc>
<msg timestamp="20220212 16:38:14.883" level="INFO">${driver} = msedgedriver.exe</msg>
<status status="PASS" starttime="20220212 16:38:14.883" endtime="20220212 16:38:14.883"/>
</kw>
<status status="PASS" starttime="20220212 16:38:14.883" endtime="20220212 16:38:14.883"/>
</branch>
<branch type="ELSE IF" condition="'${BROWSER_NAME}' == 'safari'">
<kw name="Set Local Variable" library="BuiltIn">
<arg>${driver}</arg>
<arg>safaridriver.exe</arg>
<doc>Makes a variable available everywhere within the local scope.</doc>
<status status="NOT RUN" starttime="20220212 16:38:14.883" endtime="20220212 16:38:14.883"/>
</kw>
<status status="NOT RUN" starttime="20220212 16:38:14.883" endtime="20220212 16:38:14.883"/>
</branch>
<status status="PASS" starttime="20220212 16:38:14.883" endtime="20220212 16:38:14.883"/>
</if>
<kw name="Open Browser" library="SeleniumLibrary">
<arg>browser=${BROWSER_NAME}</arg>
<arg>executable_path=${EXECDIR}${/}drivers${/}${driver}</arg>
<doc>Opens a new browser instance to the optional ``url``.</doc>
<msg timestamp="20220212 16:38:14.896" level="INFO">Opening browser 'edge' to base url 'None'.</msg>
<status status="PASS" starttime="20220212 16:38:14.883" endtime="20220212 16:38:16.260"/>
</kw>
<kw name="Maximize Browser Window" library="SeleniumLibrary">
<doc>Maximizes current browser window.</doc>
<status status="PASS" starttime="20220212 16:38:16.260" endtime="20220212 16:38:16.389"/>
</kw>
<kw name="Set Selenium Implicit Wait" library="SeleniumLibrary">
<arg>30s</arg>
<doc>Sets the implicit wait value used by Selenium.</doc>
<status status="PASS" starttime="20220212 16:38:16.389" endtime="20220212 16:38:16.393"/>
</kw>
<kw name="Set Screenshot Directory" library="SeleniumLibrary">
<arg>${EXECDIR}${/}screenshot</arg>
<doc>Sets the directory for captured screenshots.</doc>
<status status="PASS" starttime="20220212 16:38:16.393" endtime="20220212 16:38:16.394"/>
</kw>
<kw name="Go To" library="SeleniumLibrary">
<arg>url=${URL}</arg>
<doc>Navigates the current browser window to the provided ``url``.</doc>
<msg timestamp="20220212 16:38:16.394" level="INFO">Opening url 'https://demo.openemr.io/b/openemr'</msg>
<status status="PASS" starttime="20220212 16:38:16.394" endtime="20220212 16:38:27.524"/>
</kw>
<status status="PASS" starttime="20220212 16:38:14.881" endtime="20220212 16:38:27.525"/>
</kw>
<kw name="Verify Invalid Credential Template">
<arg>${EMPTY}</arg>
<arg>peter123</arg>
<arg>Dutch</arg>
<arg>Invalid username or password</arg>
<kw name="Enter Username" library="login_page">
<arg>${username}</arg>
<kw name="Input Text" library="SeleniumLibrary">
<arg>${USERNAME_LOCATOR}</arg>
<arg>${username}</arg>
<doc>Types the given ``text`` into the text field identified by ``locator``.</doc>
<msg timestamp="20220212 16:38:27.534" level="INFO">Typing text '' into text field 'id=authUser'.</msg>
<status status="PASS" starttime="20220212 16:38:27.532" endtime="20220212 16:38:27.710"/>
</kw>
<status status="PASS" starttime="20220212 16:38:27.530" endtime="20220212 16:38:27.710"/>
</kw>
<kw name="Enter Password" library="login_page">
<arg>${password}</arg>
<kw name="Input Password" library="SeleniumLibrary">
<arg>${PASSWORD_LOCATOR}</arg>
<arg>${password}</arg>
<doc>Types the given password into the text field identified by ``locator``.</doc>
<msg timestamp="20220212 16:38:27.713" level="INFO">Typing password into text field 'id=clearPass'.</msg>
<msg timestamp="20220212 16:38:27.843" level="INFO">Temporally setting log level to: NONE</msg>
<msg timestamp="20220212 16:38:28.010" level="INFO">Log level changed from NONE to INFO.</msg>
<status status="PASS" starttime="20220212 16:38:27.710" endtime="20220212 16:38:28.011"/>
</kw>
<status status="PASS" starttime="20220212 16:38:27.710" endtime="20220212 16:38:28.011"/>
</kw>
<kw name="Select Language Using Lable" library="login_page">
<arg>${language}</arg>
<kw name="Select From List By Label" library="SeleniumLibrary">
<arg>${LANGUAGE_LOCATOR}</arg>
<arg>${language}</arg>
<doc>Selects options from selection list ``locator`` by ``labels``.</doc>
<msg timestamp="20220212 16:38:28.015" level="INFO">Selecting options from selection list 'name=languageChoice' by label Dutch.</msg>
<status status="PASS" starttime="20220212 16:38:28.013" endtime="20220212 16:38:28.133"/>
</kw>
<status status="PASS" starttime="20220212 16:38:28.011" endtime="20220212 16:38:28.134"/>
</kw>
<kw name="Click Login" library="login_page">
<kw name="Click Element" library="SeleniumLibrary">
<arg>${LOGIN_LOCATOR}</arg>
<doc>Click the element identified by ``locator``.</doc>
<msg timestamp="20220212 16:38:28.135" level="INFO">Clicking element 'xpath=//button[@type='submit']'.</msg>
<status status="PASS" starttime="20220212 16:38:28.135" endtime="20220212 16:38:29.392"/>
</kw>
<status status="PASS" starttime="20220212 16:38:28.134" endtime="20220212 16:38:29.394"/>
</kw>
<kw name="Validate Invalid Error Message" library="login_page">
<arg>${expected_error}</arg>
<kw name="Element Should Contain" library="SeleniumLibrary">
<arg>${ERROR_LOCATOR}</arg>
<arg>${expected_error}</arg>
<doc>Verifies that element ``locator`` contains text ``expected``.</doc>
<msg timestamp="20220212 16:38:29.447" level="INFO">Element 'xpath=//div[contains(text(),'Invalid')]' contains text 'Invalid username or password'.</msg>
<status status="PASS" starttime="20220212 16:38:29.396" endtime="20220212 16:38:29.447"/>
</kw>
<status status="PASS" starttime="20220212 16:38:29.396" endtime="20220212 16:38:29.447"/>
</kw>
<status status="PASS" starttime="20220212 16:38:27.526" endtime="20220212 16:38:29.448"/>
</kw>
<kw name="End Browser" library="common_functionality" type="TEARDOWN">
<kw name="Close Browser" library="SeleniumLibrary">
<doc>Closes the current browser.</doc>
<status status="PASS" starttime="20220212 16:38:29.450" endtime="20220212 16:38:31.714"/>
</kw>
<status status="PASS" starttime="20220212 16:38:29.449" endtime="20220212 16:38:31.715"/>
</kw>
<status status="PASS" starttime="20220212 16:38:14.880" endtime="20220212 16:38:31.716"/>
</test>
<doc>This suit file handles all the test case related to the
invalid credentials</doc>
<status status="PASS" starttime="20220212 16:37:34.686" endtime="20220212 16:38:31.721"/>
</suite>
<statistics>
<total>
<stat pass="4" fail="0" skip="0">All Tests</stat>
</total>
<tag>
</tag>
<suite>
<stat pass="4" fail="0" skip="0" id="s1" name="Verify Invalid Credentials Suite">Verify Invalid Credentials Suite</stat>
</suite>
</statistics>
<errors>
</errors>
</robot>
