<?xml version="1.0" encoding="UTF-8"?>
<robot generator="Robot 4.1.3 (Python 3.10.2 on win32)" generated="20220211 17:55:23.525" rpa="false" schemaversion="2">
<suite id="s1" name="Verify Invalid Credentials Suite" source="C:\Users\Anusha\Desktop\RFP\robot_frame_work\login_suite\verify_invalid_credentials_suite.robot">
<test id="s1-t1" name="TC1">
<kw name="john">
<arg>john123</arg>
<arg>Dutch</arg>
<arg>Invalid username or password</arg>
<msg timestamp="20220211 17:55:23.556" level="FAIL">No keyword with name 'john' found.</msg>
<status status="FAIL" starttime="20220211 17:55:23.556" endtime="20220211 17:55:23.556"/>
</kw>
<status status="FAIL" starttime="20220211 17:55:23.556" endtime="20220211 17:55:23.556">No keyword with name 'john' found.</status>
</test>
<test id="s1-t2" name="TC2">
<kw name="peter">
<arg>peter123</arg>
<arg>Danish</arg>
<arg>Invalid username or password</arg>
<msg timestamp="20220211 17:55:23.556" level="FAIL">No keyword with name 'peter' found.</msg>
<status status="FAIL" starttime="20220211 17:55:23.556" endtime="20220211 17:55:23.556"/>
</kw>
<status status="FAIL" starttime="20220211 17:55:23.556" endtime="20220211 17:55:23.556">No keyword with name 'peter' found.</status>
</test>
<test id="s1-t3" name="TC3">
<kw name="Mark">
<arg>Mark123</arg>
<arg>Greek</arg>
<arg>Invalid username or password</arg>
<msg timestamp="20220211 17:55:23.556" level="FAIL">No keyword with name 'Mark' found.</msg>
<status status="FAIL" starttime="20220211 17:55:23.556" endtime="20220211 17:55:23.556"/>
</kw>
<status status="FAIL" starttime="20220211 17:55:23.556" endtime="20220211 17:55:23.556">No keyword with name 'Mark' found.</status>
</test>
<status status="FAIL" starttime="20220211 17:55:23.525" endtime="20220211 17:55:23.572"/>
</suite>
<statistics>
<total>
<stat pass="0" fail="3" skip="0">All Tests</stat>
</total>
<tag>
</tag>
<suite>
<stat pass="0" fail="3" skip="0" id="s1" name="Verify Invalid Credentials Suite">Verify Invalid Credentials Suite</stat>
</suite>
</statistics>
<errors>
</errors>
</robot>
