<?xml version="1.0" encoding="UTF-8"?>
<robot generator="Robot 4.1.3 (Python 3.10.2 on win32)" generated="20220212 10:07:29.875" rpa="false" schemaversion="2">
<suite id="s1" name="Verify Invalid Credentials Suite" source="C:\Users\Anusha\Desktop\RFP\robot_frame_work\login_suite\verify_invalid_credentials_suite.robot">
<test id="s1-t1" name="TC1">
<kw name="Launch Browser" library="common_functionality" type="SETUP">
<kw name="Set Local Variable" library="BuiltIn">
<arg>${driver}</arg>
<arg>chromedriver.exe</arg>
<doc>Makes a variable available everywhere within the local scope.</doc>
<msg timestamp="20220212 10:07:30.153" level="INFO">${driver} = chromedriver.exe</msg>
<status status="PASS" starttime="20220212 10:07:30.152" endtime="20220212 10:07:30.153"/>
</kw>
<if>
<branch type="IF" condition="'${BROWSER_NAME}' == 'firefox'">
<kw name="Set Local Variable" library="BuiltIn">
<arg>${driver}</arg>
<arg>geckodriver.exe</arg>
<doc>Makes a variable available everywhere within the local scope.</doc>
<status status="NOT RUN" starttime="20220212 10:07:30.153" endtime="20220212 10:07:30.153"/>
</kw>
<status status="NOT RUN" starttime="20220212 10:07:30.153" endtime="20220212 10:07:30.153"/>
</branch>
<branch type="ELSE IF" condition="'${BROWSER_NAME}' == 'edge'">
<kw name="Set Local Variable" library="BuiltIn">
<arg>${driver}</arg>
<arg>msedgedriver.exe</arg>
<doc>Makes a variable available everywhere within the local scope.</doc>
<msg timestamp="20220212 10:07:30.153" level="INFO">${driver} = msedgedriver.exe</msg>
<status status="PASS" starttime="20220212 10:07:30.153" endtime="20220212 10:07:30.153"/>
</kw>
<status status="PASS" starttime="20220212 10:07:30.153" endtime="20220212 10:07:30.153"/>
</branch>
<branch type="ELSE IF" condition="'${BROWSER_NAME}' == 'safari'">
<kw name="Set Local Variable" library="BuiltIn">
<arg>${driver}</arg>
<arg>safaridriver.exe</arg>
<doc>Makes a variable available everywhere within the local scope.</doc>
<status status="NOT RUN" starttime="20220212 10:07:30.153" endtime="20220212 10:07:30.153"/>
</kw>
<status status="NOT RUN" starttime="20220212 10:07:30.153" endtime="20220212 10:07:30.153"/>
</branch>
<status status="PASS" starttime="20220212 10:07:30.153" endtime="20220212 10:07:30.153"/>
</if>
<kw name="Open Browser" library="SeleniumLibrary">
<arg>browser=${BROWSER_NAME}</arg>
<arg>executable_path=${EXECDIR}${/}drivers${/}${driver}</arg>
<doc>Opens a new browser instance to the optional ``url``.</doc>
<msg timestamp="20220212 10:07:30.153" level="INFO">Opening browser 'edge' to base url 'None'.</msg>
<status status="PASS" starttime="20220212 10:07:30.153" endtime="20220212 10:07:39.300"/>
</kw>
<kw name="Maximize Browser Window" library="SeleniumLibrary">
<doc>Maximizes current browser window.</doc>
<status status="PASS" starttime="20220212 10:07:39.301" endtime="20220212 10:07:39.430"/>
</kw>
<kw name="Set Selenium Implicit Wait" library="SeleniumLibrary">
<arg>30s</arg>
<doc>Sets the implicit wait value used by Selenium.</doc>
<status status="PASS" starttime="20220212 10:07:39.431" endtime="20220212 10:07:39.432"/>
</kw>
<kw name="Set Screenshot Directory" library="SeleniumLibrary">
<arg>${EXECDIR}${/}screenshot</arg>
<doc>Sets the directory for captured screenshots.</doc>
<status status="PASS" starttime="20220212 10:07:39.433" endtime="20220212 10:07:39.433"/>
</kw>
<kw name="Go To" library="SeleniumLibrary">
<arg>url=${URL}</arg>
<doc>Navigates the current browser window to the provided ``url``.</doc>
<msg timestamp="20220212 10:07:39.435" level="INFO">Opening url 'https://demo.openemr.io/b/openemr'</msg>
<status status="PASS" starttime="20220212 10:07:39.434" endtime="20220212 10:07:46.112"/>
</kw>
<status status="PASS" starttime="20220212 10:07:30.152" endtime="20220212 10:07:46.113"/>
</kw>
<kw name="Verify Invalid Credential Template">
<arg>john</arg>
<arg>john123</arg>
<arg>Dutch</arg>
<arg>Invalid username or password</arg>
<kw name="Input Text" library="SeleniumLibrary">
<arg>id=authUser</arg>
<arg>${username}</arg>
<doc>Types the given ``text`` into the text field identified by ``locator``.</doc>
<msg timestamp="20220212 10:07:46.117" level="INFO">Typing text 'john' into text field 'id=authUser'.</msg>
<status status="PASS" starttime="20220212 10:07:46.116" endtime="20220212 10:07:46.284"/>
</kw>
<kw name="Input Password" library="SeleniumLibrary">
<arg>id=clearPass</arg>
<arg>${password}</arg>
<doc>Types the given password into the text field identified by ``locator``.</doc>
<msg timestamp="20220212 10:07:46.285" level="INFO">Typing password into text field 'id=clearPass'.</msg>
<msg timestamp="20220212 10:07:46.413" level="INFO">Temporally setting log level to: NONE</msg>
<msg timestamp="20220212 10:07:46.523" level="INFO">Log level changed from NONE to INFO.</msg>
<status status="PASS" starttime="20220212 10:07:46.284" endtime="20220212 10:07:46.523"/>
</kw>
<kw name="Select From List By Label" library="SeleniumLibrary">
<arg>name=languageChoice</arg>
<arg>${language}</arg>
<doc>Selects options from selection list ``locator`` by ``labels``.</doc>
<msg timestamp="20220212 10:07:46.525" level="INFO">Selecting options from selection list 'name=languageChoice' by label Dutch.</msg>
<status status="PASS" starttime="20220212 10:07:46.523" endtime="20220212 10:07:46.662"/>
</kw>
<kw name="Click Element" library="SeleniumLibrary">
<arg>xpath=//button[@type='submit']</arg>
<doc>Click the element identified by ``locator``.</doc>
<msg timestamp="20220212 10:07:46.664" level="INFO">Clicking element 'xpath=//button[@type='submit']'.</msg>
<status status="PASS" starttime="20220212 10:07:46.663" endtime="20220212 10:07:48.238"/>
</kw>
<kw name="Element Should Contain" library="SeleniumLibrary">
<arg>//div[contains(text(),'Invalid')]</arg>
<arg>${expected_error}</arg>
<doc>Verifies that element ``locator`` contains text ``expected``.</doc>
<msg timestamp="20220212 10:07:48.298" level="INFO">Element '//div[contains(text(),'Invalid')]' contains text 'Invalid username or password'.</msg>
<status status="PASS" starttime="20220212 10:07:48.239" endtime="20220212 10:07:48.298"/>
</kw>
<status status="PASS" starttime="20220212 10:07:46.114" endtime="20220212 10:07:48.299"/>
</kw>
<kw name="End Browser" library="common_functionality" type="TEARDOWN">
<kw name="Close Browser" library="SeleniumLibrary">
<doc>Closes the current browser.</doc>
<status status="PASS" starttime="20220212 10:07:48.300" endtime="20220212 10:07:50.528"/>
</kw>
<status status="PASS" starttime="20220212 10:07:48.299" endtime="20220212 10:07:50.529"/>
</kw>
<status status="PASS" starttime="20220212 10:07:30.151" endtime="20220212 10:07:50.530"/>
</test>
<test id="s1-t2" name="TC2">
<kw name="Launch Browser" library="common_functionality" type="SETUP">
<kw name="Set Local Variable" library="BuiltIn">
<arg>${driver}</arg>
<arg>chromedriver.exe</arg>
<doc>Makes a variable available everywhere within the local scope.</doc>
<msg timestamp="20220212 10:07:50.538" level="INFO">${driver} = chromedriver.exe</msg>
<status status="PASS" starttime="20220212 10:07:50.536" endtime="20220212 10:07:50.538"/>
</kw>
<if>
<branch type="IF" condition="'${BROWSER_NAME}' == 'firefox'">
<kw name="Set Local Variable" library="BuiltIn">
<arg>${driver}</arg>
<arg>geckodriver.exe</arg>
<doc>Makes a variable available everywhere within the local scope.</doc>
<status status="NOT RUN" starttime="20220212 10:07:50.538" endtime="20220212 10:07:50.538"/>
</kw>
<status status="NOT RUN" starttime="20220212 10:07:50.538" endtime="20220212 10:07:50.543"/>
</branch>
<branch type="ELSE IF" condition="'${BROWSER_NAME}' == 'edge'">
<kw name="Set Local Variable" library="BuiltIn">
<arg>${driver}</arg>
<arg>msedgedriver.exe</arg>
<doc>Makes a variable available everywhere within the local scope.</doc>
<msg timestamp="20220212 10:07:50.544" level="INFO">${driver} = msedgedriver.exe</msg>
<status status="PASS" starttime="20220212 10:07:50.544" endtime="20220212 10:07:50.544"/>
</kw>
<status status="PASS" starttime="20220212 10:07:50.543" endtime="20220212 10:07:50.544"/>
</branch>
<branch type="ELSE IF" condition="'${BROWSER_NAME}' == 'safari'">
<kw name="Set Local Variable" library="BuiltIn">
<arg>${driver}</arg>
<arg>safaridriver.exe</arg>
<doc>Makes a variable available everywhere within the local scope.</doc>
<status status="NOT RUN" starttime="20220212 10:07:50.544" endtime="20220212 10:07:50.544"/>
</kw>
<status status="NOT RUN" starttime="20220212 10:07:50.544" endtime="20220212 10:07:50.544"/>
</branch>
<status status="PASS" starttime="20220212 10:07:50.538" endtime="20220212 10:07:50.544"/>
</if>
<kw name="Open Browser" library="SeleniumLibrary">
<arg>browser=${BROWSER_NAME}</arg>
<arg>executable_path=${EXECDIR}${/}drivers${/}${driver}</arg>
<doc>Opens a new browser instance to the optional ``url``.</doc>
<msg timestamp="20220212 10:07:50.548" level="INFO">Opening browser 'edge' to base url 'None'.</msg>
<status status="PASS" starttime="20220212 10:07:50.544" endtime="20220212 10:07:51.892"/>
</kw>
<kw name="Maximize Browser Window" library="SeleniumLibrary">
<doc>Maximizes current browser window.</doc>
<status status="PASS" starttime="20220212 10:07:51.892" endtime="20220212 10:07:52.024"/>
</kw>
<kw name="Set Selenium Implicit Wait" library="SeleniumLibrary">
<arg>30s</arg>
<doc>Sets the implicit wait value used by Selenium.</doc>
<status status="PASS" starttime="20220212 10:07:52.024" endtime="20220212 10:07:52.026"/>
</kw>
<kw name="Set Screenshot Directory" library="SeleniumLibrary">
<arg>${EXECDIR}${/}screenshot</arg>
<doc>Sets the directory for captured screenshots.</doc>
<status status="PASS" starttime="20220212 10:07:52.026" endtime="20220212 10:07:52.027"/>
</kw>
<kw name="Go To" library="SeleniumLibrary">
<arg>url=${URL}</arg>
<doc>Navigates the current browser window to the provided ``url``.</doc>
<msg timestamp="20220212 10:07:52.027" level="INFO">Opening url 'https://demo.openemr.io/b/openemr'</msg>
<status status="PASS" starttime="20220212 10:07:52.027" endtime="20220212 10:07:57.018"/>
</kw>
<status status="PASS" starttime="20220212 10:07:50.536" endtime="20220212 10:07:57.019"/>
</kw>
<kw name="Verify Invalid Credential Template">
<arg>peter</arg>
<arg>peter123</arg>
<arg>Danish</arg>
<arg>Invalid username or password</arg>
<kw name="Input Text" library="SeleniumLibrary">
<arg>id=authUser</arg>
<arg>${username}</arg>
<doc>Types the given ``text`` into the text field identified by ``locator``.</doc>
<msg timestamp="20220212 10:07:57.021" level="INFO">Typing text 'peter' into text field 'id=authUser'.</msg>
<status status="PASS" starttime="20220212 10:07:57.020" endtime="20220212 10:07:57.153"/>
</kw>
<kw name="Input Password" library="SeleniumLibrary">
<arg>id=clearPass</arg>
<arg>${password}</arg>
<doc>Types the given password into the text field identified by ``locator``.</doc>
<msg timestamp="20220212 10:07:57.154" level="INFO">Typing password into text field 'id=clearPass'.</msg>
<msg timestamp="20220212 10:07:57.226" level="INFO">Temporally setting log level to: NONE</msg>
<msg timestamp="20220212 10:07:57.309" level="INFO">Log level changed from NONE to INFO.</msg>
<status status="PASS" starttime="20220212 10:07:57.153" endtime="20220212 10:07:57.309"/>
</kw>
<kw name="Select From List By Label" library="SeleniumLibrary">
<arg>name=languageChoice</arg>
<arg>${language}</arg>
<doc>Selects options from selection list ``locator`` by ``labels``.</doc>
<msg timestamp="20220212 10:07:57.310" level="INFO">Selecting options from selection list 'name=languageChoice' by label Danish.</msg>
<status status="PASS" starttime="20220212 10:07:57.309" endtime="20220212 10:07:57.408"/>
</kw>
<kw name="Click Element" library="SeleniumLibrary">
<arg>xpath=//button[@type='submit']</arg>
<doc>Click the element identified by ``locator``.</doc>
<msg timestamp="20220212 10:07:57.409" level="INFO">Clicking element 'xpath=//button[@type='submit']'.</msg>
<status status="PASS" starttime="20220212 10:07:57.409" endtime="20220212 10:07:58.692"/>
</kw>
<kw name="Element Should Contain" library="SeleniumLibrary">
<arg>//div[contains(text(),'Invalid')]</arg>
<arg>${expected_error}</arg>
<doc>Verifies that element ``locator`` contains text ``expected``.</doc>
<msg timestamp="20220212 10:07:58.756" level="INFO">Element '//div[contains(text(),'Invalid')]' contains text 'Invalid username or password'.</msg>
<status status="PASS" starttime="20220212 10:07:58.694" endtime="20220212 10:07:58.757"/>
</kw>
<status status="PASS" starttime="20220212 10:07:57.020" endtime="20220212 10:07:58.758"/>
</kw>
<kw name="End Browser" library="common_functionality" type="TEARDOWN">
<kw name="Close Browser" library="SeleniumLibrary">
<doc>Closes the current browser.</doc>
<status status="PASS" starttime="20220212 10:07:58.759" endtime="20220212 10:08:00.968"/>
</kw>
<status status="PASS" starttime="20220212 10:07:58.759" endtime="20220212 10:08:00.969"/>
</kw>
<status status="PASS" starttime="20220212 10:07:50.534" endtime="20220212 10:08:00.970"/>
</test>
<test id="s1-t3" name="TC3">
<kw name="Launch Browser" library="common_functionality" type="SETUP">
<kw name="Set Local Variable" library="BuiltIn">
<arg>${driver}</arg>
<arg>chromedriver.exe</arg>
<doc>Makes a variable available everywhere within the local scope.</doc>
<msg timestamp="20220212 10:08:00.979" level="INFO">${driver} = chromedriver.exe</msg>
<status status="PASS" starttime="20220212 10:08:00.977" endtime="20220212 10:08:00.979"/>
</kw>
<if>
<branch type="IF" condition="'${BROWSER_NAME}' == 'firefox'">
<kw name="Set Local Variable" library="BuiltIn">
<arg>${driver}</arg>
<arg>geckodriver.exe</arg>
<doc>Makes a variable available everywhere within the local scope.</doc>
<status status="NOT RUN" starttime="20220212 10:08:00.982" endtime="20220212 10:08:00.983"/>
</kw>
<status status="NOT RUN" starttime="20220212 10:08:00.982" endtime="20220212 10:08:00.983"/>
</branch>
<branch type="ELSE IF" condition="'${BROWSER_NAME}' == 'edge'">
<kw name="Set Local Variable" library="BuiltIn">
<arg>${driver}</arg>
<arg>msedgedriver.exe</arg>
<doc>Makes a variable available everywhere within the local scope.</doc>
<msg timestamp="20220212 10:08:00.983" level="INFO">${driver} = msedgedriver.exe</msg>
<status status="PASS" starttime="20220212 10:08:00.983" endtime="20220212 10:08:00.983"/>
</kw>
<status status="PASS" starttime="20220212 10:08:00.983" endtime="20220212 10:08:00.983"/>
</branch>
<branch type="ELSE IF" condition="'${BROWSER_NAME}' == 'safari'">
<kw name="Set Local Variable" library="BuiltIn">
<arg>${driver}</arg>
<arg>safaridriver.exe</arg>
<doc>Makes a variable available everywhere within the local scope.</doc>
<status status="NOT RUN" starttime="20220212 10:08:00.983" endtime="20220212 10:08:00.983"/>
</kw>
<status status="NOT RUN" starttime="20220212 10:08:00.983" endtime="20220212 10:08:00.983"/>
</branch>
<status status="PASS" starttime="20220212 10:08:00.979" endtime="20220212 10:08:00.983"/>
</if>
<kw name="Open Browser" library="SeleniumLibrary">
<arg>browser=${BROWSER_NAME}</arg>
<arg>executable_path=${EXECDIR}${/}drivers${/}${driver}</arg>
<doc>Opens a new browser instance to the optional ``url``.</doc>
<msg timestamp="20220212 10:08:00.988" level="INFO">Opening browser 'edge' to base url 'None'.</msg>
<status status="PASS" starttime="20220212 10:08:00.983" endtime="20220212 10:08:02.176"/>
</kw>
<kw name="Maximize Browser Window" library="SeleniumLibrary">
<doc>Maximizes current browser window.</doc>
<status status="PASS" starttime="20220212 10:08:02.176" endtime="20220212 10:08:02.301"/>
</kw>
<kw name="Set Selenium Implicit Wait" library="SeleniumLibrary">
<arg>30s</arg>
<doc>Sets the implicit wait value used by Selenium.</doc>
<status status="PASS" starttime="20220212 10:08:02.302" endtime="20220212 10:08:02.305"/>
</kw>
<kw name="Set Screenshot Directory" library="SeleniumLibrary">
<arg>${EXECDIR}${/}screenshot</arg>
<doc>Sets the directory for captured screenshots.</doc>
<status status="PASS" starttime="20220212 10:08:02.306" endtime="20220212 10:08:02.307"/>
</kw>
<kw name="Go To" library="SeleniumLibrary">
<arg>url=${URL}</arg>
<doc>Navigates the current browser window to the provided ``url``.</doc>
<msg timestamp="20220212 10:08:02.308" level="INFO">Opening url 'https://demo.openemr.io/b/openemr'</msg>
<status status="PASS" starttime="20220212 10:08:02.308" endtime="20220212 10:08:07.359"/>
</kw>
<status status="PASS" starttime="20220212 10:08:00.976" endtime="20220212 10:08:07.359"/>
</kw>
<kw name="Verify Invalid Credential Template">
<arg>Mark</arg>
<arg>Mark123</arg>
<arg>Greek</arg>
<arg>Invalid username or password</arg>
<kw name="Input Text" library="SeleniumLibrary">
<arg>id=authUser</arg>
<arg>${username}</arg>
<doc>Types the given ``text`` into the text field identified by ``locator``.</doc>
<msg timestamp="20220212 10:08:07.363" level="INFO">Typing text 'Mark' into text field 'id=authUser'.</msg>
<status status="PASS" starttime="20220212 10:08:07.362" endtime="20220212 10:08:07.500"/>
</kw>
<kw name="Input Password" library="SeleniumLibrary">
<arg>id=clearPass</arg>
<arg>${password}</arg>
<doc>Types the given password into the text field identified by ``locator``.</doc>
<msg timestamp="20220212 10:08:07.501" level="INFO">Typing password into text field 'id=clearPass'.</msg>
<msg timestamp="20220212 10:08:07.569" level="INFO">Temporally setting log level to: NONE</msg>
<msg timestamp="20220212 10:08:07.637" level="INFO">Log level changed from NONE to INFO.</msg>
<status status="PASS" starttime="20220212 10:08:07.500" endtime="20220212 10:08:07.637"/>
</kw>
<kw name="Select From List By Label" library="SeleniumLibrary">
<arg>name=languageChoice</arg>
<arg>${language}</arg>
<doc>Selects options from selection list ``locator`` by ``labels``.</doc>
<msg timestamp="20220212 10:08:07.638" level="INFO">Selecting options from selection list 'name=languageChoice' by label Greek.</msg>
<status status="PASS" starttime="20220212 10:08:07.638" endtime="20220212 10:08:07.723"/>
</kw>
<kw name="Click Element" library="SeleniumLibrary">
<arg>xpath=//button[@type='submit']</arg>
<doc>Click the element identified by ``locator``.</doc>
<msg timestamp="20220212 10:08:07.724" level="INFO">Clicking element 'xpath=//button[@type='submit']'.</msg>
<status status="PASS" starttime="20220212 10:08:07.723" endtime="20220212 10:08:08.969"/>
</kw>
<kw name="Element Should Contain" library="SeleniumLibrary">
<arg>//div[contains(text(),'Invalid')]</arg>
<arg>${expected_error}</arg>
<doc>Verifies that element ``locator`` contains text ``expected``.</doc>
<msg timestamp="20220212 10:08:09.026" level="INFO">Element '//div[contains(text(),'Invalid')]' contains text 'Invalid username or password'.</msg>
<status status="PASS" starttime="20220212 10:08:08.970" endtime="20220212 10:08:09.026"/>
</kw>
<status status="PASS" starttime="20220212 10:08:07.361" endtime="20220212 10:08:09.026"/>
</kw>
<kw name="End Browser" library="common_functionality" type="TEARDOWN">
<kw name="Close Browser" library="SeleniumLibrary">
<doc>Closes the current browser.</doc>
<status status="PASS" starttime="20220212 10:08:09.028" endtime="20220212 10:08:11.250"/>
</kw>
<status status="PASS" starttime="20220212 10:08:09.028" endtime="20220212 10:08:11.251"/>
</kw>
<status status="PASS" starttime="20220212 10:08:00.974" endtime="20220212 10:08:11.252"/>
</test>
<test id="s1-t4" name="TC4">
<kw name="Launch Browser" library="common_functionality" type="SETUP">
<kw name="Set Local Variable" library="BuiltIn">
<arg>${driver}</arg>
<arg>chromedriver.exe</arg>
<doc>Makes a variable available everywhere within the local scope.</doc>
<msg timestamp="20220212 10:08:11.262" level="INFO">${driver} = chromedriver.exe</msg>
<status status="PASS" starttime="20220212 10:08:11.258" endtime="20220212 10:08:11.262"/>
</kw>
<if>
<branch type="IF" condition="'${BROWSER_NAME}' == 'firefox'">
<kw name="Set Local Variable" library="BuiltIn">
<arg>${driver}</arg>
<arg>geckodriver.exe</arg>
<doc>Makes a variable available everywhere within the local scope.</doc>
<status status="NOT RUN" starttime="20220212 10:08:11.262" endtime="20220212 10:08:11.262"/>
</kw>
<status status="NOT RUN" starttime="20220212 10:08:11.262" endtime="20220212 10:08:11.262"/>
</branch>
<branch type="ELSE IF" condition="'${BROWSER_NAME}' == 'edge'">
<kw name="Set Local Variable" library="BuiltIn">
<arg>${driver}</arg>
<arg>msedgedriver.exe</arg>
<doc>Makes a variable available everywhere within the local scope.</doc>
<msg timestamp="20220212 10:08:11.262" level="INFO">${driver} = msedgedriver.exe</msg>
<status status="PASS" starttime="20220212 10:08:11.262" endtime="20220212 10:08:11.262"/>
</kw>
<status status="PASS" starttime="20220212 10:08:11.262" endtime="20220212 10:08:11.262"/>
</branch>
<branch type="ELSE IF" condition="'${BROWSER_NAME}' == 'safari'">
<kw name="Set Local Variable" library="BuiltIn">
<arg>${driver}</arg>
<arg>safaridriver.exe</arg>
<doc>Makes a variable available everywhere within the local scope.</doc>
<status status="NOT RUN" starttime="20220212 10:08:11.262" endtime="20220212 10:08:11.262"/>
</kw>
<status status="NOT RUN" starttime="20220212 10:08:11.262" endtime="20220212 10:08:11.262"/>
</branch>
<status status="PASS" starttime="20220212 10:08:11.262" endtime="20220212 10:08:11.262"/>
</if>
<kw name="Open Browser" library="SeleniumLibrary">
<arg>browser=${BROWSER_NAME}</arg>
<arg>executable_path=${EXECDIR}${/}drivers${/}${driver}</arg>
<doc>Opens a new browser instance to the optional ``url``.</doc>
<msg timestamp="20220212 10:08:11.268" level="INFO">Opening browser 'edge' to base url 'None'.</msg>
<status status="PASS" starttime="20220212 10:08:11.268" endtime="20220212 10:08:12.660"/>
</kw>
<kw name="Maximize Browser Window" library="SeleniumLibrary">
<doc>Maximizes current browser window.</doc>
<status status="PASS" starttime="20220212 10:08:12.661" endtime="20220212 10:08:12.792"/>
</kw>
<kw name="Set Selenium Implicit Wait" library="SeleniumLibrary">
<arg>30s</arg>
<doc>Sets the implicit wait value used by Selenium.</doc>
<status status="PASS" starttime="20220212 10:08:12.793" endtime="20220212 10:08:12.798"/>
</kw>
<kw name="Set Screenshot Directory" library="SeleniumLibrary">
<arg>${EXECDIR}${/}screenshot</arg>
<doc>Sets the directory for captured screenshots.</doc>
<status status="PASS" starttime="20220212 10:08:12.798" endtime="20220212 10:08:12.799"/>
</kw>
<kw name="Go To" library="SeleniumLibrary">
<arg>url=${URL}</arg>
<doc>Navigates the current browser window to the provided ``url``.</doc>
<msg timestamp="20220212 10:08:12.800" level="INFO">Opening url 'https://demo.openemr.io/b/openemr'</msg>
<status status="PASS" starttime="20220212 10:08:12.799" endtime="20220212 10:08:17.393"/>
</kw>
<status status="PASS" starttime="20220212 10:08:11.257" endtime="20220212 10:08:17.393"/>
</kw>
<kw name="Verify Invalid Credential Template">
<arg>${EMPTY}</arg>
<arg>peter123</arg>
<arg>Dutch</arg>
<arg>Invalid username or password</arg>
<kw name="Input Text" library="SeleniumLibrary">
<arg>id=authUser</arg>
<arg>${username}</arg>
<doc>Types the given ``text`` into the text field identified by ``locator``.</doc>
<msg timestamp="20220212 10:08:17.396" level="INFO">Typing text '' into text field 'id=authUser'.</msg>
<status status="PASS" starttime="20220212 10:08:17.396" endtime="20220212 10:08:17.471"/>
</kw>
<kw name="Input Password" library="SeleniumLibrary">
<arg>id=clearPass</arg>
<arg>${password}</arg>
<doc>Types the given password into the text field identified by ``locator``.</doc>
<msg timestamp="20220212 10:08:17.472" level="INFO">Typing password into text field 'id=clearPass'.</msg>
<msg timestamp="20220212 10:08:17.527" level="INFO">Temporally setting log level to: NONE</msg>
<msg timestamp="20220212 10:08:17.619" level="INFO">Log level changed from NONE to INFO.</msg>
<status status="PASS" starttime="20220212 10:08:17.471" endtime="20220212 10:08:17.619"/>
</kw>
<kw name="Select From List By Label" library="SeleniumLibrary">
<arg>name=languageChoice</arg>
<arg>${language}</arg>
<doc>Selects options from selection list ``locator`` by ``labels``.</doc>
<msg timestamp="20220212 10:08:17.620" level="INFO">Selecting options from selection list 'name=languageChoice' by label Dutch.</msg>
<status status="PASS" starttime="20220212 10:08:17.620" endtime="20220212 10:08:17.770"/>
</kw>
<kw name="Click Element" library="SeleniumLibrary">
<arg>xpath=//button[@type='submit']</arg>
<doc>Click the element identified by ``locator``.</doc>
<msg timestamp="20220212 10:08:17.772" level="INFO">Clicking element 'xpath=//button[@type='submit']'.</msg>
<status status="PASS" starttime="20220212 10:08:17.771" endtime="20220212 10:08:19.186"/>
</kw>
<kw name="Element Should Contain" library="SeleniumLibrary">
<arg>//div[contains(text(),'Invalid')]</arg>
<arg>${expected_error}</arg>
<doc>Verifies that element ``locator`` contains text ``expected``.</doc>
<msg timestamp="20220212 10:08:19.245" level="INFO">Element '//div[contains(text(),'Invalid')]' contains text 'Invalid username or password'.</msg>
<status status="PASS" starttime="20220212 10:08:19.187" endtime="20220212 10:08:19.245"/>
</kw>
<status status="PASS" starttime="20220212 10:08:17.393" endtime="20220212 10:08:19.246"/>
</kw>
<kw name="End Browser" library="common_functionality" type="TEARDOWN">
<kw name="Close Browser" library="SeleniumLibrary">
<doc>Closes the current browser.</doc>
<status status="PASS" starttime="20220212 10:08:19.247" endtime="20220212 10:08:21.470"/>
</kw>
<status status="PASS" starttime="20220212 10:08:19.247" endtime="20220212 10:08:21.471"/>
</kw>
<status status="PASS" starttime="20220212 10:08:11.256" endtime="20220212 10:08:21.472"/>
</test>
<doc>This suit file handles all the test case related to the
invalid credentials</doc>
<status status="PASS" starttime="20220212 10:07:29.878" endtime="20220212 10:08:21.478"/>
</suite>
<statistics>
<total>
<stat pass="4" fail="0" skip="0">All Tests</stat>
</total>
<tag>
</tag>
<suite>
<stat pass="4" fail="0" skip="0" id="s1" name="Verify Invalid Credentials Suite">Verify Invalid Credentials Suite</stat>
</suite>
</statistics>
<errors>
</errors>
</robot>
